2021-02-19 11:51:50,456 logger.py[line:41] - INFO - root : logger:<Tool.logger.Logger object at 0x0000021DC51FAC10> is now in global
2021-02-19 11:51:50,458 logger.py[line:41] - INFO - root : factor:{} is now in global
2021-02-19 11:51:50,460 logger.py[line:41] - INFO - root : barra:{} is now in global
2021-02-19 11:51:50,461 logger.py[line:41] - INFO - root : materialData:{} is now in global
2021-02-19 11:51:50,462 logger.py[line:41] - INFO - root : utilData:{} is now in global
2021-02-19 11:52:09,925 utils.py[line:145] - INFO - numexpr.utils : Note: NumExpr detected 16 cores but "NUMEXPR_MAX_THREADS" not set, so enforcing safe limit of 8.
2021-02-19 11:52:09,926 utils.py[line:157] - INFO - numexpr.utils : NumExpr defaulting to 8 threads.
2021-02-19 11:52:12,714 loadData.py[line:159] - INFO - root : ['/beta', '/blev', '/bp', '/cetop', '/dastd', '/etop', '/mom', '/nonlinear_size', '/size', '/stoa', '/stom', '/stoq'] is now in globalVars.barra
2021-02-19 11:52:13,076 loadData.py[line:159] - INFO - root : ['/amount', '/close', '/high', '/low', '/open', '/pctChange', '/volume'] is now in globalVars.materialData
2021-02-19 11:52:13,077 logger.py[line:41] - INFO - root : load all......done
2021-02-19 11:57:20,638 cache.py[line:143] - DEBUG - parso.cache : pickle loaded: C:\Users\eiahb\.conda\envs\env_genetic_programming\lib\site-packages\jedi\third_party\typeshed\stdlib\2and3\builtins.pyi
2021-02-19 11:57:20,687 cache.py[line:143] - DEBUG - parso.cache : pickle loaded: C:\Users\eiahb\.conda\envs\env_genetic_programming\lib\site-packages\jedi\third_party\typeshed\stdlib\3\sys.pyi
2021-02-19 12:07:31,531 diff.py[line:282] - DEBUG - parso.python.diff : diff parser start
2021-02-19 12:07:31,531 diff.py[line:293] - DEBUG - parso.python.diff : line_lengths old: 1; new: 1
2021-02-19 12:07:31,531 diff.py[line:296] - DEBUG - parso.python.diff : -> code[replace] old[1:1] new[1:1]
2021-02-19 12:07:31,532 diff.py[line:421] - DEBUG - parso.python.diff : parse_part from 1 to 1 (to 0 in part parser)
2021-02-19 12:07:31,532 diff.py[line:339] - DEBUG - parso.python.diff : diff parser end
2021-02-19 12:07:31,968 diff.py[line:282] - DEBUG - parso.python.diff : diff parser start
2021-02-19 12:07:31,969 diff.py[line:293] - DEBUG - parso.python.diff : line_lengths old: 1; new: 1
2021-02-19 12:07:31,969 diff.py[line:296] - DEBUG - parso.python.diff : -> code[replace] old[1:1] new[1:1]
2021-02-19 12:07:31,969 diff.py[line:421] - DEBUG - parso.python.diff : parse_part from 1 to 1 (to 0 in part parser)
2021-02-19 12:07:31,970 diff.py[line:339] - DEBUG - parso.python.diff : diff parser end
2021-02-19 12:07:35,374 diff.py[line:282] - DEBUG - parso.python.diff : diff parser start
2021-02-19 12:07:35,375 diff.py[line:293] - DEBUG - parso.python.diff : line_lengths old: 1; new: 1
2021-02-19 12:07:35,375 diff.py[line:296] - DEBUG - parso.python.diff : -> code[replace] old[1:1] new[1:1]
2021-02-19 12:07:35,375 diff.py[line:421] - DEBUG - parso.python.diff : parse_part from 1 to 1 (to 0 in part parser)
2021-02-19 12:07:35,375 diff.py[line:339] - DEBUG - parso.python.diff : diff parser end
2021-02-19 12:07:37,250 diff.py[line:282] - DEBUG - parso.python.diff : diff parser start
2021-02-19 12:07:37,250 diff.py[line:293] - DEBUG - parso.python.diff : line_lengths old: 1; new: 1
2021-02-19 12:07:37,250 diff.py[line:296] - DEBUG - parso.python.diff : -> code[replace] old[1:1] new[1:1]
2021-02-19 12:07:37,250 diff.py[line:421] - DEBUG - parso.python.diff : parse_part from 1 to 1 (to 0 in part parser)
2021-02-19 12:07:37,251 diff.py[line:339] - DEBUG - parso.python.diff : diff parser end
2021-02-19 12:07:37,723 diff.py[line:282] - DEBUG - parso.python.diff : diff parser start
2021-02-19 12:07:37,723 diff.py[line:293] - DEBUG - parso.python.diff : line_lengths old: 1; new: 1
2021-02-19 12:07:37,723 diff.py[line:296] - DEBUG - parso.python.diff : -> code[replace] old[1:1] new[1:1]
2021-02-19 12:07:37,724 diff.py[line:421] - DEBUG - parso.python.diff : parse_part from 1 to 1 (to 0 in part parser)
2021-02-19 12:07:37,724 diff.py[line:339] - DEBUG - parso.python.diff : diff parser end
2021-02-19 12:07:37,796 cache.py[line:143] - DEBUG - parso.cache : pickle loaded: C:\Users\eiahb\.conda\envs\env_genetic_programming\lib\typing.py
2021-02-19 12:07:37,823 cache.py[line:143] - DEBUG - parso.cache : pickle loaded: C:\Users\eiahb\.conda\envs\env_genetic_programming\lib\site-packages\jedi\third_party\typeshed\stdlib\3\typing.pyi
2021-02-19 12:07:41,938 diff.py[line:282] - DEBUG - parso.python.diff : diff parser start
2021-02-19 12:07:41,938 diff.py[line:293] - DEBUG - parso.python.diff : line_lengths old: 1; new: 1
2021-02-19 12:07:41,938 diff.py[line:296] - DEBUG - parso.python.diff : -> code[replace] old[1:1] new[1:1]
2021-02-19 12:07:41,939 diff.py[line:421] - DEBUG - parso.python.diff : parse_part from 1 to 1 (to 0 in part parser)
2021-02-19 12:07:41,939 diff.py[line:339] - DEBUG - parso.python.diff : diff parser end
2021-02-19 12:07:42,443 diff.py[line:282] - DEBUG - parso.python.diff : diff parser start
2021-02-19 12:07:42,443 diff.py[line:293] - DEBUG - parso.python.diff : line_lengths old: 1; new: 1
2021-02-19 12:07:42,443 diff.py[line:296] - DEBUG - parso.python.diff : -> code[replace] old[1:1] new[1:1]
2021-02-19 12:07:42,444 diff.py[line:421] - DEBUG - parso.python.diff : parse_part from 1 to 1 (to 0 in part parser)
2021-02-19 12:07:42,444 diff.py[line:339] - DEBUG - parso.python.diff : diff parser end
2021-02-19 12:07:55,673 logger.py[line:41] - INFO - root : logger:<Tool.logger.Logger object at 0x0000021DBF431DC0> is now in global
2021-02-19 12:07:55,675 logger.py[line:41] - INFO - root : factor:{} is now in global
2021-02-19 12:07:55,826 logger.py[line:41] - INFO - root : barra:{} is now in global
2021-02-19 12:07:55,841 logger.py[line:41] - INFO - root : materialData:{} is now in global
2021-02-19 12:07:55,842 logger.py[line:41] - INFO - root : utilData:{} is now in global
2021-02-19 12:07:58,463 loadData.py[line:159] - INFO - root : ['/beta', '/blev', '/bp', '/cetop', '/dastd', '/etop', '/mom', '/nonlinear_size', '/size', '/stoa', '/stom', '/stoq'] is now in globalVars.barra
2021-02-19 12:07:58,838 loadData.py[line:159] - INFO - root : ['/amount', '/close', '/high', '/low', '/open', '/pctChange', '/volume'] is now in globalVars.materialData
2021-02-19 12:07:58,839 logger.py[line:41] - INFO - root : load all......done
2021-02-19 12:14:24,437 logger.py[line:41] - INFO - root : logger:<Tool.logger.Logger object at 0x0000021DC7DB3730> is now in global
2021-02-19 12:14:24,440 logger.py[line:41] - INFO - root : factor:{} is now in global
2021-02-19 12:14:24,582 logger.py[line:41] - INFO - root : barra:{} is now in global
2021-02-19 12:14:24,603 logger.py[line:41] - INFO - root : materialData:{} is now in global
2021-02-19 12:14:24,604 logger.py[line:41] - INFO - root : utilData:{} is now in global
2021-02-19 12:14:27,477 loadData.py[line:159] - INFO - root : ['/beta', '/blev', '/bp', '/cetop', '/dastd', '/etop', '/mom', '/nonlinear_size', '/size', '/stoa', '/stom', '/stoq'] is now in globalVars.barra
2021-02-19 12:14:27,950 loadData.py[line:159] - INFO - root : ['/amount', '/close', '/high', '/low', '/open', '/pctChange', '/volume'] is now in globalVars.materialData
2021-02-19 12:14:27,951 logger.py[line:41] - INFO - root : load all......done
2021-02-19 15:15:00,527 diff.py[line:282] - DEBUG - parso.python.diff : diff parser start
2021-02-19 15:15:00,527 diff.py[line:293] - DEBUG - parso.python.diff : line_lengths old: 1; new: 1
2021-02-19 15:15:00,527 diff.py[line:296] - DEBUG - parso.python.diff : -> code[replace] old[1:1] new[1:1]
2021-02-19 15:15:00,528 diff.py[line:421] - DEBUG - parso.python.diff : parse_part from 1 to 1 (to 0 in part parser)
2021-02-19 15:15:00,528 diff.py[line:339] - DEBUG - parso.python.diff : diff parser end
2021-02-19 15:23:55,218 diff.py[line:282] - DEBUG - parso.python.diff : diff parser start
2021-02-19 15:23:55,218 diff.py[line:293] - DEBUG - parso.python.diff : line_lengths old: 1; new: 1
2021-02-19 15:23:55,219 diff.py[line:296] - DEBUG - parso.python.diff : -> code[replace] old[1:1] new[1:1]
2021-02-19 15:23:55,219 diff.py[line:421] - DEBUG - parso.python.diff : parse_part from 1 to 1 (to 0 in part parser)
2021-02-19 15:23:55,219 diff.py[line:339] - DEBUG - parso.python.diff : diff parser end
2021-02-19 15:38:43,865 diff.py[line:282] - DEBUG - parso.python.diff : diff parser start
2021-02-19 15:38:43,865 diff.py[line:293] - DEBUG - parso.python.diff : line_lengths old: 1; new: 1
2021-02-19 15:38:43,865 diff.py[line:296] - DEBUG - parso.python.diff : -> code[replace] old[1:1] new[1:1]
2021-02-19 15:38:43,866 diff.py[line:421] - DEBUG - parso.python.diff : parse_part from 1 to 1 (to 0 in part parser)
2021-02-19 15:38:43,866 diff.py[line:339] - DEBUG - parso.python.diff : diff parser end
2021-02-19 15:43:47,377 diff.py[line:282] - DEBUG - parso.python.diff : diff parser start
2021-02-19 15:43:47,377 diff.py[line:293] - DEBUG - parso.python.diff : line_lengths old: 1; new: 1
2021-02-19 15:43:47,377 diff.py[line:296] - DEBUG - parso.python.diff : -> code[replace] old[1:1] new[1:1]
2021-02-19 15:43:47,377 diff.py[line:421] - DEBUG - parso.python.diff : parse_part from 1 to 1 (to 0 in part parser)
2021-02-19 15:43:47,377 diff.py[line:339] - DEBUG - parso.python.diff : diff parser end
2021-02-19 15:46:39,609 diff.py[line:282] - DEBUG - parso.python.diff : diff parser start
2021-02-19 15:46:39,609 diff.py[line:293] - DEBUG - parso.python.diff : line_lengths old: 1; new: 1
2021-02-19 15:46:39,609 diff.py[line:296] - DEBUG - parso.python.diff : -> code[replace] old[1:1] new[1:1]
2021-02-19 15:46:39,610 diff.py[line:421] - DEBUG - parso.python.diff : parse_part from 1 to 1 (to 0 in part parser)
2021-02-19 15:46:39,610 diff.py[line:339] - DEBUG - parso.python.diff : diff parser end
2021-02-19 15:46:39,637 cache.py[line:143] - DEBUG - parso.cache : pickle loaded: C:\Users\eiahb\.conda\envs\env_genetic_programming\lib\abc.py
2021-02-19 15:46:39,653 cache.py[line:143] - DEBUG - parso.cache : pickle loaded: C:\Users\eiahb\.conda\envs\env_genetic_programming\lib\site-packages\jedi\third_party\typeshed\stdlib\3\abc.pyi
2021-02-19 15:46:39,673 cache.py[line:143] - DEBUG - parso.cache : pickle loaded: C:\Users\eiahb\.conda\envs\env_genetic_programming\lib\site-packages\pandas\__init__.py
2021-02-19 15:46:39,682 cache.py[line:143] - DEBUG - parso.cache : pickle loaded: C:\Users\eiahb\.conda\envs\env_genetic_programming\lib\site-packages\pandas\io\__init__.py
2021-02-19 15:46:39,697 cache.py[line:143] - DEBUG - parso.cache : pickle loaded: C:\Users\eiahb\.conda\envs\env_genetic_programming\lib\site-packages\pandas\io\api.py
2021-02-19 15:46:39,745 cache.py[line:143] - DEBUG - parso.cache : pickle loaded: C:\Users\eiahb\.conda\envs\env_genetic_programming\lib\site-packages\pandas\io\parsers.py
2021-02-19 15:46:39,794 cache.py[line:143] - DEBUG - parso.cache : pickle loaded: C:\Users\eiahb\.conda\envs\env_genetic_programming\lib\collections\__init__.py
2021-02-19 15:46:39,816 cache.py[line:143] - DEBUG - parso.cache : pickle loaded: C:\Users\eiahb\.conda\envs\env_genetic_programming\lib\site-packages\jedi\third_party\typeshed\stdlib\3\collections\__init__.pyi
2021-02-19 15:46:39,832 cache.py[line:143] - DEBUG - parso.cache : pickle loaded: C:\Users\eiahb\.conda\envs\env_genetic_programming\lib\collections\abc.py
2021-02-19 15:46:39,847 cache.py[line:143] - DEBUG - parso.cache : pickle loaded: C:\Users\eiahb\.conda\envs\env_genetic_programming\lib\site-packages\jedi\third_party\typeshed\stdlib\3\collections\abc.pyi
2021-02-19 15:46:39,871 cache.py[line:143] - DEBUG - parso.cache : pickle loaded: C:\Users\eiahb\.conda\envs\env_genetic_programming\lib\site-packages\pandas\io\common.py
2021-02-19 15:46:39,896 cache.py[line:143] - DEBUG - parso.cache : pickle loaded: C:\Users\eiahb\.conda\envs\env_genetic_programming\lib\site-packages\pandas\_typing.py
2021-02-19 15:46:39,928 cache.py[line:143] - DEBUG - parso.cache : pickle loaded: C:\Users\eiahb\.conda\envs\env_genetic_programming\lib\pathlib.py
2021-02-19 15:46:39,972 cache.py[line:143] - DEBUG - parso.cache : pickle loaded: C:\Users\eiahb\.conda\envs\env_genetic_programming\lib\site-packages\jedi\third_party\typeshed\stdlib\3\pathlib.pyi
2021-02-19 15:46:39,999 cache.py[line:143] - DEBUG - parso.cache : pickle loaded: C:\Users\eiahb\.conda\envs\env_genetic_programming\lib\os.py
2021-02-19 15:46:40,024 cache.py[line:143] - DEBUG - parso.cache : pickle loaded: C:\Users\eiahb\.conda\envs\env_genetic_programming\lib\site-packages\jedi\third_party\typeshed\stdlib\3\os\__init__.pyi
2021-02-19 15:46:40,053 cache.py[line:143] - DEBUG - parso.cache : pickle loaded: C:\Users\eiahb\.conda\envs\env_genetic_programming\lib\re.py
2021-02-19 15:46:40,068 cache.py[line:143] - DEBUG - parso.cache : pickle loaded: C:\Users\eiahb\.conda\envs\env_genetic_programming\lib\site-packages\jedi\third_party\typeshed\stdlib\3\re.pyi
2021-02-19 15:46:40,175 cache.py[line:143] - DEBUG - parso.cache : pickle loaded: C:\Users\eiahb\.conda\envs\env_genetic_programming\lib\posixpath.py
2021-02-19 15:46:40,197 cache.py[line:143] - DEBUG - parso.cache : pickle loaded: C:\Users\eiahb\.conda\envs\env_genetic_programming\lib\ntpath.py
2021-02-19 15:46:40,218 cache.py[line:143] - DEBUG - parso.cache : pickle loaded: C:\Users\eiahb\.conda\envs\env_genetic_programming\lib\site-packages\jedi\third_party\typeshed\stdlib\3\os\path.pyi
2021-02-19 15:46:40,273 cache.py[line:143] - DEBUG - parso.cache : pickle loaded: C:\Users\eiahb\.conda\envs\env_genetic_programming\lib\site-packages\pandas\compat\__init__.py
2021-02-19 15:46:40,291 cache.py[line:143] - DEBUG - parso.cache : pickle loaded: C:\Users\eiahb\.conda\envs\env_genetic_programming\lib\site-packages\pandas\compat\_optional.py
2021-02-19 15:46:40,311 cache.py[line:143] - DEBUG - parso.cache : pickle loaded: C:\Users\eiahb\.conda\envs\env_genetic_programming\lib\importlib\__init__.py
2021-02-19 15:46:40,326 cache.py[line:143] - DEBUG - parso.cache : pickle loaded: C:\Users\eiahb\.conda\envs\env_genetic_programming\lib\site-packages\jedi\third_party\typeshed\stdlib\3\importlib\__init__.pyi
2021-02-19 15:46:40,345 cache.py[line:143] - DEBUG - parso.cache : pickle loaded: C:\Users\eiahb\.conda\envs\env_genetic_programming\lib\types.py
2021-02-19 15:46:40,370 cache.py[line:143] - DEBUG - parso.cache : pickle loaded: C:\Users\eiahb\.conda\envs\env_genetic_programming\lib\site-packages\jedi\third_party\typeshed\stdlib\3\types.pyi
2021-02-19 15:46:40,389 cache.py[line:143] - DEBUG - parso.cache : pickle loaded: C:\Users\eiahb\.conda\envs\env_genetic_programming\lib\site-packages\jedi\third_party\typeshed\stdlib\3\_importlib_modulespec.pyi
2021-02-19 15:46:40,406 cache.py[line:143] - DEBUG - parso.cache : pickle loaded: C:\Users\eiahb\.conda\envs\env_genetic_programming\lib\io.py
2021-02-19 15:46:40,422 cache.py[line:143] - DEBUG - parso.cache : pickle loaded: C:\Users\eiahb\.conda\envs\env_genetic_programming\lib\site-packages\jedi\third_party\typeshed\stdlib\3\io.pyi
2021-02-19 15:46:40,434 cache.py[line:143] - DEBUG - parso.cache : pickle loaded: C:\Users\eiahb\.conda\envs\env_genetic_programming\lib\site-packages\pandas\core\__init__.py
2021-02-19 15:46:40,489 cache.py[line:143] - DEBUG - parso.cache : pickle loaded: C:\Users\eiahb\.conda\envs\env_genetic_programming\lib\site-packages\pandas\core\frame.py
2021-02-19 15:46:40,591 cache.py[line:143] - DEBUG - parso.cache : pickle loaded: C:\Users\eiahb\.conda\envs\env_genetic_programming\lib\site-packages\pandas\core\generic.py
2021-02-19 15:46:40,638 cache.py[line:143] - DEBUG - parso.cache : pickle loaded: C:\Users\eiahb\.conda\envs\env_genetic_programming\lib\site-packages\pandas\core\base.py
2021-02-19 15:46:40,667 cache.py[line:143] - DEBUG - parso.cache : pickle loaded: C:\Users\eiahb\.conda\envs\env_genetic_programming\lib\site-packages\pandas\core\accessor.py
2021-02-19 15:46:40,702 cache.py[line:143] - DEBUG - parso.cache : pickle loaded: C:\Users\eiahb\.conda\envs\env_genetic_programming\lib\site-packages\pandas\core\indexing.py
2021-02-19 15:46:40,991 cache.py[line:143] - DEBUG - parso.cache : pickle loaded: C:\Users\eiahb\.conda\envs\env_genetic_programming\lib\csv.py
2021-02-19 15:46:41,007 cache.py[line:143] - DEBUG - parso.cache : pickle loaded: C:\Users\eiahb\.conda\envs\env_genetic_programming\lib\site-packages\jedi\third_party\typeshed\stdlib\2and3\csv.pyi
2021-02-19 15:46:41,021 cache.py[line:143] - DEBUG - parso.cache : pickle loaded: C:\Users\eiahb\.conda\envs\env_genetic_programming\lib\site-packages\jedi\third_party\typeshed\stdlib\2and3\_csv.pyi
2021-02-19 15:46:41,121 cache.py[line:143] - DEBUG - parso.cache : pickle loaded: C:\Users\eiahb\.conda\envs\env_genetic_programming\lib\site-packages\pandas\_libs\__init__.py
2021-02-19 15:46:41,166 cache.py[line:143] - DEBUG - parso.cache : pickle loaded: C:\Users\eiahb\.conda\envs\env_genetic_programming\lib\site-packages\pandas\core\tools\__init__.py
2021-02-19 15:46:41,186 cache.py[line:143] - DEBUG - parso.cache : pickle loaded: C:\Users\eiahb\.conda\envs\env_genetic_programming\lib\site-packages\pandas\core\tools\datetimes.py
2021-02-19 15:46:41,193 cache.py[line:143] - DEBUG - parso.cache : pickle loaded: C:\Users\eiahb\.conda\envs\env_genetic_programming\lib\site-packages\pandas\core\dtypes\__init__.py
2021-02-19 15:46:41,215 cache.py[line:143] - DEBUG - parso.cache : pickle loaded: C:\Users\eiahb\.conda\envs\env_genetic_programming\lib\site-packages\pandas\core\dtypes\common.py
2021-02-19 15:46:41,236 cache.py[line:143] - DEBUG - parso.cache : pickle loaded: C:\Users\eiahb\.conda\envs\env_genetic_programming\lib\site-packages\pandas\core\api.py
2021-02-19 15:46:41,281 cache.py[line:143] - DEBUG - parso.cache : pickle loaded: C:\Users\eiahb\.conda\envs\env_genetic_programming\lib\site-packages\pandas\core\series.py
2021-02-19 15:46:41,309 cache.py[line:143] - DEBUG - parso.cache : pickle loaded: C:\Users\eiahb\.conda\envs\env_genetic_programming\lib\site-packages\pandas\_libs\tslibs\__init__.py
2021-02-19 15:46:41,353 cache.py[line:143] - DEBUG - parso.cache : pickle loaded: C:\Users\eiahb\.conda\envs\env_genetic_programming\lib\datetime.py
2021-02-19 15:46:41,372 cache.py[line:143] - DEBUG - parso.cache : pickle loaded: C:\Users\eiahb\.conda\envs\env_genetic_programming\lib\site-packages\jedi\third_party\typeshed\stdlib\2and3\datetime.pyi
2021-02-19 15:46:41,381 cache.py[line:143] - DEBUG - parso.cache : pickle loaded: C:\Users\eiahb\.conda\envs\env_genetic_programming\lib\site-packages\pandas\core\indexes\__init__.py
2021-02-19 15:46:41,403 cache.py[line:143] - DEBUG - parso.cache : pickle loaded: C:\Users\eiahb\.conda\envs\env_genetic_programming\lib\site-packages\pandas\core\indexes\datetimes.py
2021-02-19 15:46:41,433 cache.py[line:143] - DEBUG - parso.cache : pickle loaded: C:\Users\eiahb\.conda\envs\env_genetic_programming\lib\site-packages\pandas\core\indexes\datetimelike.py
2021-02-19 15:46:41,468 cache.py[line:143] - DEBUG - parso.cache : pickle loaded: C:\Users\eiahb\.conda\envs\env_genetic_programming\lib\site-packages\pandas\core\indexes\extension.py
2021-02-19 15:46:41,527 cache.py[line:143] - DEBUG - parso.cache : pickle loaded: C:\Users\eiahb\.conda\envs\env_genetic_programming\lib\site-packages\pandas\core\indexes\base.py
2021-02-19 15:46:41,562 cache.py[line:143] - DEBUG - parso.cache : pickle loaded: C:\Users\eiahb\.conda\envs\env_genetic_programming\lib\site-packages\pandas\core\indexes\numeric.py
2021-02-19 15:46:41,606 cache.py[line:143] - DEBUG - parso.cache : pickle loaded: C:\Users\eiahb\.conda\envs\env_genetic_programming\lib\site-packages\numpy\__init__.py
2021-02-19 15:46:41,660 cache.py[line:143] - DEBUG - parso.cache : pickle loaded: C:\Users\eiahb\.conda\envs\env_genetic_programming\lib\site-packages\numpy\core\__init__.py
2021-02-19 15:46:41,731 cache.py[line:143] - DEBUG - parso.cache : pickle loaded: C:\Users\eiahb\.conda\envs\env_genetic_programming\lib\site-packages\numpy\core\numeric.py
2021-02-19 15:46:41,753 cache.py[line:143] - DEBUG - parso.cache : pickle loaded: C:\Users\eiahb\.conda\envs\env_genetic_programming\lib\site-packages\numpy\core\umath.py
2021-02-19 15:46:41,773 cache.py[line:143] - DEBUG - parso.cache : pickle loaded: C:\Users\eiahb\.conda\envs\env_genetic_programming\lib\site-packages\numpy\core\numerictypes.py
2021-02-19 15:46:41,800 cache.py[line:143] - DEBUG - parso.cache : pickle loaded: C:\Users\eiahb\.conda\envs\env_genetic_programming\lib\site-packages\numpy\core\fromnumeric.py
2021-02-19 15:46:41,827 cache.py[line:143] - DEBUG - parso.cache : pickle loaded: C:\Users\eiahb\.conda\envs\env_genetic_programming\lib\site-packages\numpy\core\arrayprint.py
2021-02-19 15:46:41,847 cache.py[line:143] - DEBUG - parso.cache : pickle loaded: C:\Users\eiahb\.conda\envs\env_genetic_programming\lib\site-packages\numpy\core\_asarray.py
2021-02-19 15:46:41,866 cache.py[line:143] - DEBUG - parso.cache : pickle loaded: C:\Users\eiahb\.conda\envs\env_genetic_programming\lib\site-packages\numpy\core\_ufunc_config.py
2021-02-19 15:46:41,889 cache.py[line:143] - DEBUG - parso.cache : pickle loaded: C:\Users\eiahb\.conda\envs\env_genetic_programming\lib\site-packages\numpy\core\records.py
2021-02-19 15:46:41,906 cache.py[line:143] - DEBUG - parso.cache : pickle loaded: C:\Users\eiahb\.conda\envs\env_genetic_programming\lib\site-packages\numpy\core\memmap.py
2021-02-19 15:46:41,925 cache.py[line:143] - DEBUG - parso.cache : pickle loaded: C:\Users\eiahb\.conda\envs\env_genetic_programming\lib\site-packages\numpy\core\function_base.py
2021-02-19 15:46:41,944 cache.py[line:143] - DEBUG - parso.cache : pickle loaded: C:\Users\eiahb\.conda\envs\env_genetic_programming\lib\site-packages\numpy\core\machar.py
2021-02-19 15:46:41,981 cache.py[line:143] - DEBUG - parso.cache : pickle loaded: C:\Users\eiahb\.conda\envs\env_genetic_programming\lib\site-packages\numpy\core\getlimits.py
2021-02-19 15:46:42,001 cache.py[line:143] - DEBUG - parso.cache : pickle loaded: C:\Users\eiahb\.conda\envs\env_genetic_programming\lib\site-packages\numpy\core\shape_base.py
2021-02-19 15:46:42,025 cache.py[line:143] - DEBUG - parso.cache : pickle loaded: C:\Users\eiahb\.conda\envs\env_genetic_programming\lib\site-packages\numpy\core\einsumfunc.py
2021-02-19 15:46:42,042 cache.py[line:143] - DEBUG - parso.cache : pickle loaded: C:\Users\eiahb\.conda\envs\env_genetic_programming\lib\site-packages\numpy\lib\__init__.py
2021-02-19 15:46:42,061 cache.py[line:143] - DEBUG - parso.cache : pickle loaded: C:\Users\eiahb\.conda\envs\env_genetic_programming\lib\site-packages\numpy\lib\type_check.py
2021-02-19 15:46:42,081 cache.py[line:143] - DEBUG - parso.cache : pickle loaded: C:\Users\eiahb\.conda\envs\env_genetic_programming\lib\site-packages\numpy\lib\index_tricks.py
2021-02-19 15:46:42,122 cache.py[line:143] - DEBUG - parso.cache : pickle loaded: C:\Users\eiahb\.conda\envs\env_genetic_programming\lib\site-packages\numpy\lib\function_base.py
2021-02-19 15:46:42,151 cache.py[line:143] - DEBUG - parso.cache : pickle loaded: C:\Users\eiahb\.conda\envs\env_genetic_programming\lib\site-packages\numpy\lib\nanfunctions.py
2021-02-19 15:46:42,179 cache.py[line:143] - DEBUG - parso.cache : pickle loaded: C:\Users\eiahb\.conda\envs\env_genetic_programming\lib\site-packages\numpy\lib\shape_base.py
2021-02-19 15:46:42,195 cache.py[line:143] - DEBUG - parso.cache : pickle loaded: C:\Users\eiahb\.conda\envs\env_genetic_programming\lib\site-packages\numpy\lib\stride_tricks.py
2021-02-19 15:46:42,214 cache.py[line:143] - DEBUG - parso.cache : pickle loaded: C:\Users\eiahb\.conda\envs\env_genetic_programming\lib\site-packages\numpy\lib\twodim_base.py
2021-02-19 15:46:42,231 cache.py[line:143] - DEBUG - parso.cache : pickle loaded: C:\Users\eiahb\.conda\envs\env_genetic_programming\lib\site-packages\numpy\lib\ufunclike.py
2021-02-19 15:46:42,251 cache.py[line:143] - DEBUG - parso.cache : pickle loaded: C:\Users\eiahb\.conda\envs\env_genetic_programming\lib\site-packages\numpy\lib\histograms.py
2021-02-19 15:46:42,309 cache.py[line:143] - DEBUG - parso.cache : pickle loaded: C:\Users\eiahb\.conda\envs\env_genetic_programming\lib\site-packages\numpy\lib\polynomial.py
2021-02-19 15:46:42,335 cache.py[line:143] - DEBUG - parso.cache : pickle loaded: C:\Users\eiahb\.conda\envs\env_genetic_programming\lib\site-packages\numpy\lib\utils.py
2021-02-19 15:46:42,357 cache.py[line:143] - DEBUG - parso.cache : pickle loaded: C:\Users\eiahb\.conda\envs\env_genetic_programming\lib\site-packages\numpy\lib\arraysetops.py
2021-02-19 15:46:42,387 cache.py[line:143] - DEBUG - parso.cache : pickle loaded: C:\Users\eiahb\.conda\envs\env_genetic_programming\lib\site-packages\numpy\lib\npyio.py
2021-02-19 15:46:42,406 cache.py[line:143] - DEBUG - parso.cache : pickle loaded: C:\Users\eiahb\.conda\envs\env_genetic_programming\lib\site-packages\numpy\lib\financial.py
2021-02-19 15:46:42,473 cache.py[line:143] - DEBUG - parso.cache : pickle loaded: C:\Users\eiahb\.conda\envs\env_genetic_programming\lib\site-packages\numpy\lib\arraypad.py
2021-02-19 15:46:42,489 cache.py[line:143] - DEBUG - parso.cache : pickle loaded: C:\Users\eiahb\.conda\envs\env_genetic_programming\lib\site-packages\numpy\lib\_version.py
2021-02-19 15:46:42,502 cache.py[line:143] - DEBUG - parso.cache : pickle loaded: C:\Users\eiahb\.conda\envs\env_genetic_programming\lib\site-packages\numpy\matrixlib\__init__.py
2021-02-19 15:46:42,524 cache.py[line:143] - DEBUG - parso.cache : pickle loaded: C:\Users\eiahb\.conda\envs\env_genetic_programming\lib\site-packages\numpy\matrixlib\defmatrix.py
2021-02-19 15:46:42,648 cache.py[line:143] - DEBUG - parso.cache : pickle loaded: C:\Users\eiahb\.conda\envs\env_genetic_programming\lib\site-packages\numpy\core\multiarray.py
2021-02-19 15:46:42,688 cache.py[line:143] - DEBUG - parso.cache : pickle loaded: C:\Users\eiahb\.conda\envs\env_genetic_programming\lib\site-packages\pandas\io\date_converters.py
2021-02-19 15:46:44,558 cache.py[line:143] - DEBUG - parso.cache : pickle loaded: C:\Users\eiahb\.conda\envs\env_genetic_programming\lib\site-packages\pandas\core\indexes\api.py
2021-02-19 15:46:44,580 cache.py[line:143] - DEBUG - parso.cache : pickle loaded: C:\Users\eiahb\.conda\envs\env_genetic_programming\lib\site-packages\pandas\core\indexes\range.py
2021-02-19 15:46:44,806 diff.py[line:282] - DEBUG - parso.python.diff : diff parser start
2021-02-19 15:46:44,807 diff.py[line:293] - DEBUG - parso.python.diff : line_lengths old: 1; new: 1
2021-02-19 15:46:44,807 diff.py[line:296] - DEBUG - parso.python.diff : -> code[replace] old[1:1] new[1:1]
2021-02-19 15:46:44,807 diff.py[line:421] - DEBUG - parso.python.diff : parse_part from 1 to 1 (to 0 in part parser)
2021-02-19 15:46:44,807 diff.py[line:339] - DEBUG - parso.python.diff : diff parser end
2021-02-19 15:47:33,878 diff.py[line:282] - DEBUG - parso.python.diff : diff parser start
2021-02-19 15:47:33,879 diff.py[line:293] - DEBUG - parso.python.diff : line_lengths old: 1; new: 1
2021-02-19 15:47:33,879 diff.py[line:296] - DEBUG - parso.python.diff : -> code[replace] old[1:1] new[1:1]
2021-02-19 15:47:33,879 diff.py[line:421] - DEBUG - parso.python.diff : parse_part from 1 to 1 (to 0 in part parser)
2021-02-19 15:47:33,879 diff.py[line:339] - DEBUG - parso.python.diff : diff parser end
2021-02-19 15:50:13,724 diff.py[line:282] - DEBUG - parso.python.diff : diff parser start
2021-02-19 15:50:13,725 diff.py[line:293] - DEBUG - parso.python.diff : line_lengths old: 1; new: 1
2021-02-19 15:50:13,725 diff.py[line:296] - DEBUG - parso.python.diff : -> code[replace] old[1:1] new[1:1]
2021-02-19 15:50:13,725 diff.py[line:421] - DEBUG - parso.python.diff : parse_part from 1 to 1 (to 0 in part parser)
2021-02-19 15:50:13,725 diff.py[line:339] - DEBUG - parso.python.diff : diff parser end
2021-02-19 15:50:15,007 diff.py[line:282] - DEBUG - parso.python.diff : diff parser start
2021-02-19 15:50:15,007 diff.py[line:293] - DEBUG - parso.python.diff : line_lengths old: 1; new: 1
2021-02-19 15:50:15,007 diff.py[line:296] - DEBUG - parso.python.diff : -> code[replace] old[1:1] new[1:1]
2021-02-19 15:50:15,008 diff.py[line:421] - DEBUG - parso.python.diff : parse_part from 1 to 1 (to 0 in part parser)
2021-02-19 15:50:15,008 diff.py[line:339] - DEBUG - parso.python.diff : diff parser end
2021-02-19 15:50:35,749 diff.py[line:282] - DEBUG - parso.python.diff : diff parser start
2021-02-19 15:50:35,750 diff.py[line:293] - DEBUG - parso.python.diff : line_lengths old: 1; new: 1
2021-02-19 15:50:35,750 diff.py[line:296] - DEBUG - parso.python.diff : -> code[replace] old[1:1] new[1:1]
2021-02-19 15:50:35,750 diff.py[line:421] - DEBUG - parso.python.diff : parse_part from 1 to 1 (to 0 in part parser)
2021-02-19 15:50:35,750 diff.py[line:339] - DEBUG - parso.python.diff : diff parser end
2021-02-19 15:51:59,792 diff.py[line:282] - DEBUG - parso.python.diff : diff parser start
2021-02-19 15:51:59,792 diff.py[line:293] - DEBUG - parso.python.diff : line_lengths old: 1; new: 1
2021-02-19 15:51:59,793 diff.py[line:296] - DEBUG - parso.python.diff : -> code[replace] old[1:1] new[1:1]
2021-02-19 15:51:59,793 diff.py[line:421] - DEBUG - parso.python.diff : parse_part from 1 to 1 (to 0 in part parser)
2021-02-19 15:51:59,793 diff.py[line:339] - DEBUG - parso.python.diff : diff parser end
2021-02-19 15:52:51,622 diff.py[line:282] - DEBUG - parso.python.diff : diff parser start
2021-02-19 15:52:51,622 diff.py[line:293] - DEBUG - parso.python.diff : line_lengths old: 1; new: 1
2021-02-19 15:52:51,622 diff.py[line:296] - DEBUG - parso.python.diff : -> code[replace] old[1:1] new[1:1]
2021-02-19 15:52:51,623 diff.py[line:421] - DEBUG - parso.python.diff : parse_part from 1 to 1 (to 0 in part parser)
2021-02-19 15:52:51,623 diff.py[line:339] - DEBUG - parso.python.diff : diff parser end
2021-02-19 15:52:53,613 diff.py[line:282] - DEBUG - parso.python.diff : diff parser start
2021-02-19 15:52:53,613 diff.py[line:293] - DEBUG - parso.python.diff : line_lengths old: 1; new: 1
2021-02-19 15:52:53,614 diff.py[line:296] - DEBUG - parso.python.diff : -> code[replace] old[1:1] new[1:1]
2021-02-19 15:52:53,614 diff.py[line:421] - DEBUG - parso.python.diff : parse_part from 1 to 1 (to 0 in part parser)
2021-02-19 15:52:53,614 diff.py[line:339] - DEBUG - parso.python.diff : diff parser end
2021-02-19 15:52:57,936 diff.py[line:282] - DEBUG - parso.python.diff : diff parser start
2021-02-19 15:52:57,936 diff.py[line:293] - DEBUG - parso.python.diff : line_lengths old: 1; new: 1
2021-02-19 15:52:57,937 diff.py[line:296] - DEBUG - parso.python.diff : -> code[replace] old[1:1] new[1:1]
2021-02-19 15:52:57,937 diff.py[line:421] - DEBUG - parso.python.diff : parse_part from 1 to 1 (to 0 in part parser)
2021-02-19 15:52:57,937 diff.py[line:339] - DEBUG - parso.python.diff : diff parser end
2021-02-19 15:52:59,075 diff.py[line:282] - DEBUG - parso.python.diff : diff parser start
2021-02-19 15:52:59,075 diff.py[line:293] - DEBUG - parso.python.diff : line_lengths old: 1; new: 1
2021-02-19 15:52:59,075 diff.py[line:296] - DEBUG - parso.python.diff : -> code[replace] old[1:1] new[1:1]
2021-02-19 15:52:59,076 diff.py[line:421] - DEBUG - parso.python.diff : parse_part from 1 to 1 (to 0 in part parser)
2021-02-19 15:52:59,076 diff.py[line:339] - DEBUG - parso.python.diff : diff parser end
2021-02-19 15:52:59,092 cache.py[line:143] - DEBUG - parso.cache : pickle loaded: C:\Users\eiahb\.conda\envs\env_genetic_programming\lib\site-packages\numpy\ma\__init__.py
2021-02-19 15:53:30,845 diff.py[line:282] - DEBUG - parso.python.diff : diff parser start
2021-02-19 15:53:30,845 diff.py[line:293] - DEBUG - parso.python.diff : line_lengths old: 1; new: 1
2021-02-19 15:53:30,845 diff.py[line:296] - DEBUG - parso.python.diff : -> code[replace] old[1:1] new[1:1]
2021-02-19 15:53:30,846 diff.py[line:421] - DEBUG - parso.python.diff : parse_part from 1 to 1 (to 0 in part parser)
2021-02-19 15:53:30,846 diff.py[line:339] - DEBUG - parso.python.diff : diff parser end
2021-02-19 15:53:30,916 cache.py[line:143] - DEBUG - parso.cache : pickle loaded: C:\Users\eiahb\.conda\envs\env_genetic_programming\lib\site-packages\numpy\ma\core.py
2021-02-19 15:53:33,391 diff.py[line:282] - DEBUG - parso.python.diff : diff parser start
2021-02-19 15:53:33,391 diff.py[line:293] - DEBUG - parso.python.diff : line_lengths old: 1; new: 1
2021-02-19 15:53:33,391 diff.py[line:296] - DEBUG - parso.python.diff : -> code[replace] old[1:1] new[1:1]
2021-02-19 15:53:33,392 diff.py[line:421] - DEBUG - parso.python.diff : parse_part from 1 to 1 (to 0 in part parser)
2021-02-19 15:53:33,392 diff.py[line:339] - DEBUG - parso.python.diff : diff parser end
2021-02-19 15:53:44,750 diff.py[line:282] - DEBUG - parso.python.diff : diff parser start
2021-02-19 15:53:44,750 diff.py[line:293] - DEBUG - parso.python.diff : line_lengths old: 1; new: 1
2021-02-19 15:53:44,751 diff.py[line:296] - DEBUG - parso.python.diff : -> code[replace] old[1:1] new[1:1]
2021-02-19 15:53:44,751 diff.py[line:421] - DEBUG - parso.python.diff : parse_part from 1 to 1 (to 0 in part parser)
2021-02-19 15:53:44,751 diff.py[line:339] - DEBUG - parso.python.diff : diff parser end
2021-02-19 15:57:47,917 diff.py[line:282] - DEBUG - parso.python.diff : diff parser start
2021-02-19 15:57:47,918 diff.py[line:293] - DEBUG - parso.python.diff : line_lengths old: 1; new: 1
2021-02-19 15:57:47,918 diff.py[line:296] - DEBUG - parso.python.diff : -> code[replace] old[1:1] new[1:1]
2021-02-19 15:57:47,918 diff.py[line:421] - DEBUG - parso.python.diff : parse_part from 1 to 1 (to 0 in part parser)
2021-02-19 15:57:47,918 diff.py[line:339] - DEBUG - parso.python.diff : diff parser end
2021-02-19 16:05:10,375 diff.py[line:282] - DEBUG - parso.python.diff : diff parser start
2021-02-19 16:05:10,375 diff.py[line:293] - DEBUG - parso.python.diff : line_lengths old: 1; new: 1
2021-02-19 16:05:10,375 diff.py[line:296] - DEBUG - parso.python.diff : -> code[replace] old[1:1] new[1:1]
2021-02-19 16:05:10,376 diff.py[line:421] - DEBUG - parso.python.diff : parse_part from 1 to 1 (to 0 in part parser)
2021-02-19 16:05:10,376 diff.py[line:339] - DEBUG - parso.python.diff : diff parser end
2021-02-19 16:05:11,468 diff.py[line:282] - DEBUG - parso.python.diff : diff parser start
2021-02-19 16:05:11,469 diff.py[line:293] - DEBUG - parso.python.diff : line_lengths old: 1; new: 1
2021-02-19 16:05:11,469 diff.py[line:296] - DEBUG - parso.python.diff : -> code[replace] old[1:1] new[1:1]
2021-02-19 16:05:11,470 diff.py[line:421] - DEBUG - parso.python.diff : parse_part from 1 to 1 (to 0 in part parser)
2021-02-19 16:05:11,470 diff.py[line:339] - DEBUG - parso.python.diff : diff parser end
2021-02-19 16:05:13,238 diff.py[line:282] - DEBUG - parso.python.diff : diff parser start
2021-02-19 16:05:13,238 diff.py[line:293] - DEBUG - parso.python.diff : line_lengths old: 1; new: 1
2021-02-19 16:05:13,238 diff.py[line:296] - DEBUG - parso.python.diff : -> code[replace] old[1:1] new[1:1]
2021-02-19 16:05:13,239 diff.py[line:421] - DEBUG - parso.python.diff : parse_part from 1 to 1 (to 0 in part parser)
2021-02-19 16:05:13,239 diff.py[line:339] - DEBUG - parso.python.diff : diff parser end
2021-02-19 16:05:13,403 diff.py[line:282] - DEBUG - parso.python.diff : diff parser start
2021-02-19 16:05:13,403 diff.py[line:293] - DEBUG - parso.python.diff : line_lengths old: 1; new: 1
2021-02-19 16:05:13,403 diff.py[line:296] - DEBUG - parso.python.diff : -> code[replace] old[1:1] new[1:1]
2021-02-19 16:05:13,404 diff.py[line:421] - DEBUG - parso.python.diff : parse_part from 1 to 1 (to 0 in part parser)
2021-02-19 16:05:13,404 diff.py[line:339] - DEBUG - parso.python.diff : diff parser end
2021-02-19 16:05:15,487 diff.py[line:282] - DEBUG - parso.python.diff : diff parser start
2021-02-19 16:05:15,487 diff.py[line:293] - DEBUG - parso.python.diff : line_lengths old: 1; new: 1
2021-02-19 16:05:15,487 diff.py[line:296] - DEBUG - parso.python.diff : -> code[replace] old[1:1] new[1:1]
2021-02-19 16:05:15,488 diff.py[line:421] - DEBUG - parso.python.diff : parse_part from 1 to 1 (to 0 in part parser)
2021-02-19 16:05:15,488 diff.py[line:339] - DEBUG - parso.python.diff : diff parser end
2021-02-19 16:05:15,885 diff.py[line:282] - DEBUG - parso.python.diff : diff parser start
2021-02-19 16:05:15,886 diff.py[line:293] - DEBUG - parso.python.diff : line_lengths old: 1; new: 1
2021-02-19 16:05:15,886 diff.py[line:296] - DEBUG - parso.python.diff : -> code[replace] old[1:1] new[1:1]
2021-02-19 16:05:15,886 diff.py[line:421] - DEBUG - parso.python.diff : parse_part from 1 to 1 (to 0 in part parser)
2021-02-19 16:05:15,887 diff.py[line:339] - DEBUG - parso.python.diff : diff parser end
2021-02-19 16:05:16,956 diff.py[line:282] - DEBUG - parso.python.diff : diff parser start
2021-02-19 16:05:16,956 diff.py[line:293] - DEBUG - parso.python.diff : line_lengths old: 1; new: 1
2021-02-19 16:05:16,956 diff.py[line:296] - DEBUG - parso.python.diff : -> code[replace] old[1:1] new[1:1]
2021-02-19 16:05:16,957 diff.py[line:421] - DEBUG - parso.python.diff : parse_part from 1 to 1 (to 0 in part parser)
2021-02-19 16:05:16,957 diff.py[line:339] - DEBUG - parso.python.diff : diff parser end
2021-02-19 16:05:17,525 diff.py[line:282] - DEBUG - parso.python.diff : diff parser start
2021-02-19 16:05:17,525 diff.py[line:293] - DEBUG - parso.python.diff : line_lengths old: 1; new: 1
2021-02-19 16:05:17,526 diff.py[line:296] - DEBUG - parso.python.diff : -> code[replace] old[1:1] new[1:1]
2021-02-19 16:05:17,526 diff.py[line:421] - DEBUG - parso.python.diff : parse_part from 1 to 1 (to 0 in part parser)
2021-02-19 16:05:17,526 diff.py[line:339] - DEBUG - parso.python.diff : diff parser end
2021-02-19 16:05:17,634 diff.py[line:282] - DEBUG - parso.python.diff : diff parser start
2021-02-19 16:05:17,635 diff.py[line:293] - DEBUG - parso.python.diff : line_lengths old: 1; new: 1
2021-02-19 16:05:17,635 diff.py[line:296] - DEBUG - parso.python.diff : -> code[replace] old[1:1] new[1:1]
2021-02-19 16:05:17,635 diff.py[line:421] - DEBUG - parso.python.diff : parse_part from 1 to 1 (to 0 in part parser)
2021-02-19 16:05:17,636 diff.py[line:339] - DEBUG - parso.python.diff : diff parser end
2021-02-19 16:05:19,846 diff.py[line:282] - DEBUG - parso.python.diff : diff parser start
2021-02-19 16:05:19,846 diff.py[line:293] - DEBUG - parso.python.diff : line_lengths old: 1; new: 1
2021-02-19 16:05:19,846 diff.py[line:296] - DEBUG - parso.python.diff : -> code[replace] old[1:1] new[1:1]
2021-02-19 16:05:19,846 diff.py[line:421] - DEBUG - parso.python.diff : parse_part from 1 to 1 (to 0 in part parser)
2021-02-19 16:05:19,846 diff.py[line:339] - DEBUG - parso.python.diff : diff parser end
2021-02-19 16:05:21,185 diff.py[line:282] - DEBUG - parso.python.diff : diff parser start
2021-02-19 16:05:21,185 diff.py[line:293] - DEBUG - parso.python.diff : line_lengths old: 1; new: 1
2021-02-19 16:05:21,185 diff.py[line:296] - DEBUG - parso.python.diff : -> code[replace] old[1:1] new[1:1]
2021-02-19 16:05:21,186 diff.py[line:421] - DEBUG - parso.python.diff : parse_part from 1 to 1 (to 0 in part parser)
2021-02-19 16:05:21,186 diff.py[line:339] - DEBUG - parso.python.diff : diff parser end
2021-02-19 16:05:23,246 diff.py[line:282] - DEBUG - parso.python.diff : diff parser start
2021-02-19 16:05:23,247 diff.py[line:293] - DEBUG - parso.python.diff : line_lengths old: 1; new: 1
2021-02-19 16:05:23,247 diff.py[line:296] - DEBUG - parso.python.diff : -> code[replace] old[1:1] new[1:1]
2021-02-19 16:05:23,247 diff.py[line:421] - DEBUG - parso.python.diff : parse_part from 1 to 1 (to 0 in part parser)
2021-02-19 16:05:23,247 diff.py[line:339] - DEBUG - parso.python.diff : diff parser end
2021-02-19 16:05:36,366 diff.py[line:282] - DEBUG - parso.python.diff : diff parser start
2021-02-19 16:05:36,366 diff.py[line:293] - DEBUG - parso.python.diff : line_lengths old: 1; new: 1
2021-02-19 16:05:36,367 diff.py[line:296] - DEBUG - parso.python.diff : -> code[replace] old[1:1] new[1:1]
2021-02-19 16:05:36,367 diff.py[line:421] - DEBUG - parso.python.diff : parse_part from 1 to 1 (to 0 in part parser)
2021-02-19 16:05:36,367 diff.py[line:339] - DEBUG - parso.python.diff : diff parser end
2021-02-19 16:05:40,609 diff.py[line:282] - DEBUG - parso.python.diff : diff parser start
2021-02-19 16:05:40,610 diff.py[line:293] - DEBUG - parso.python.diff : line_lengths old: 1; new: 1
2021-02-19 16:05:40,610 diff.py[line:296] - DEBUG - parso.python.diff : -> code[replace] old[1:1] new[1:1]
2021-02-19 16:05:40,610 diff.py[line:421] - DEBUG - parso.python.diff : parse_part from 1 to 1 (to 0 in part parser)
2021-02-19 16:05:40,610 diff.py[line:339] - DEBUG - parso.python.diff : diff parser end
2021-02-19 16:05:41,468 diff.py[line:282] - DEBUG - parso.python.diff : diff parser start
2021-02-19 16:05:41,469 diff.py[line:293] - DEBUG - parso.python.diff : line_lengths old: 1; new: 1
2021-02-19 16:05:41,469 diff.py[line:296] - DEBUG - parso.python.diff : -> code[replace] old[1:1] new[1:1]
2021-02-19 16:05:41,469 diff.py[line:421] - DEBUG - parso.python.diff : parse_part from 1 to 1 (to 0 in part parser)
2021-02-19 16:05:41,469 diff.py[line:339] - DEBUG - parso.python.diff : diff parser end
2021-02-19 16:06:21,396 diff.py[line:282] - DEBUG - parso.python.diff : diff parser start
2021-02-19 16:06:21,396 diff.py[line:293] - DEBUG - parso.python.diff : line_lengths old: 1; new: 1
2021-02-19 16:06:21,396 diff.py[line:296] - DEBUG - parso.python.diff : -> code[replace] old[1:1] new[1:1]
2021-02-19 16:06:21,396 diff.py[line:421] - DEBUG - parso.python.diff : parse_part from 1 to 1 (to 0 in part parser)
2021-02-19 16:06:21,396 diff.py[line:339] - DEBUG - parso.python.diff : diff parser end
2021-02-19 16:08:17,740 diff.py[line:282] - DEBUG - parso.python.diff : diff parser start
2021-02-19 16:08:17,740 diff.py[line:293] - DEBUG - parso.python.diff : line_lengths old: 1; new: 1
2021-02-19 16:08:17,740 diff.py[line:296] - DEBUG - parso.python.diff : -> code[replace] old[1:1] new[1:1]
2021-02-19 16:08:17,740 diff.py[line:421] - DEBUG - parso.python.diff : parse_part from 1 to 1 (to 0 in part parser)
2021-02-19 16:08:17,740 diff.py[line:339] - DEBUG - parso.python.diff : diff parser end
2021-02-19 16:08:33,985 diff.py[line:282] - DEBUG - parso.python.diff : diff parser start
2021-02-19 16:08:33,985 diff.py[line:293] - DEBUG - parso.python.diff : line_lengths old: 1; new: 1
2021-02-19 16:08:33,986 diff.py[line:296] - DEBUG - parso.python.diff : -> code[replace] old[1:1] new[1:1]
2021-02-19 16:08:33,986 diff.py[line:421] - DEBUG - parso.python.diff : parse_part from 1 to 1 (to 0 in part parser)
2021-02-19 16:08:33,986 diff.py[line:339] - DEBUG - parso.python.diff : diff parser end
2021-02-19 16:08:34,292 diff.py[line:282] - DEBUG - parso.python.diff : diff parser start
2021-02-19 16:08:34,292 diff.py[line:293] - DEBUG - parso.python.diff : line_lengths old: 1; new: 1
2021-02-19 16:08:34,292 diff.py[line:296] - DEBUG - parso.python.diff : -> code[replace] old[1:1] new[1:1]
2021-02-19 16:08:34,293 diff.py[line:421] - DEBUG - parso.python.diff : parse_part from 1 to 1 (to 0 in part parser)
2021-02-19 16:08:34,293 diff.py[line:339] - DEBUG - parso.python.diff : diff parser end
2021-02-19 16:08:39,292 diff.py[line:282] - DEBUG - parso.python.diff : diff parser start
2021-02-19 16:08:39,292 diff.py[line:293] - DEBUG - parso.python.diff : line_lengths old: 1; new: 1
2021-02-19 16:08:39,293 diff.py[line:296] - DEBUG - parso.python.diff : -> code[replace] old[1:1] new[1:1]
2021-02-19 16:08:39,293 diff.py[line:421] - DEBUG - parso.python.diff : parse_part from 1 to 1 (to 0 in part parser)
2021-02-19 16:08:39,293 diff.py[line:339] - DEBUG - parso.python.diff : diff parser end
2021-02-19 16:08:44,082 diff.py[line:282] - DEBUG - parso.python.diff : diff parser start
2021-02-19 16:08:44,082 diff.py[line:293] - DEBUG - parso.python.diff : line_lengths old: 1; new: 1
2021-02-19 16:08:44,083 diff.py[line:296] - DEBUG - parso.python.diff : -> code[replace] old[1:1] new[1:1]
2021-02-19 16:08:44,083 diff.py[line:421] - DEBUG - parso.python.diff : parse_part from 1 to 1 (to 0 in part parser)
2021-02-19 16:08:44,083 diff.py[line:339] - DEBUG - parso.python.diff : diff parser end
2021-02-19 16:09:51,942 diff.py[line:282] - DEBUG - parso.python.diff : diff parser start
2021-02-19 16:09:51,943 diff.py[line:293] - DEBUG - parso.python.diff : line_lengths old: 1; new: 1
2021-02-19 16:09:51,943 diff.py[line:296] - DEBUG - parso.python.diff : -> code[replace] old[1:1] new[1:1]
2021-02-19 16:09:51,943 diff.py[line:421] - DEBUG - parso.python.diff : parse_part from 1 to 1 (to 0 in part parser)
2021-02-19 16:09:51,943 diff.py[line:339] - DEBUG - parso.python.diff : diff parser end
2021-02-19 16:09:52,361 diff.py[line:282] - DEBUG - parso.python.diff : diff parser start
2021-02-19 16:09:52,361 diff.py[line:293] - DEBUG - parso.python.diff : line_lengths old: 1; new: 1
2021-02-19 16:09:52,362 diff.py[line:296] - DEBUG - parso.python.diff : -> code[replace] old[1:1] new[1:1]
2021-02-19 16:09:52,362 diff.py[line:421] - DEBUG - parso.python.diff : parse_part from 1 to 1 (to 0 in part parser)
2021-02-19 16:09:52,362 diff.py[line:339] - DEBUG - parso.python.diff : diff parser end
2021-02-19 16:10:11,948 diff.py[line:282] - DEBUG - parso.python.diff : diff parser start
2021-02-19 16:10:11,949 diff.py[line:293] - DEBUG - parso.python.diff : line_lengths old: 1; new: 1
2021-02-19 16:10:11,949 diff.py[line:296] - DEBUG - parso.python.diff : -> code[replace] old[1:1] new[1:1]
2021-02-19 16:10:11,949 diff.py[line:421] - DEBUG - parso.python.diff : parse_part from 1 to 1 (to 0 in part parser)
2021-02-19 16:10:11,949 diff.py[line:339] - DEBUG - parso.python.diff : diff parser end
2021-02-19 16:13:26,470 diff.py[line:282] - DEBUG - parso.python.diff : diff parser start
2021-02-19 16:13:26,470 diff.py[line:293] - DEBUG - parso.python.diff : line_lengths old: 1; new: 1
2021-02-19 16:13:26,470 diff.py[line:296] - DEBUG - parso.python.diff : -> code[replace] old[1:1] new[1:1]
2021-02-19 16:13:26,470 diff.py[line:421] - DEBUG - parso.python.diff : parse_part from 1 to 1 (to 0 in part parser)
2021-02-19 16:13:26,471 diff.py[line:339] - DEBUG - parso.python.diff : diff parser end
2021-02-19 16:13:26,815 diff.py[line:282] - DEBUG - parso.python.diff : diff parser start
2021-02-19 16:13:26,816 diff.py[line:293] - DEBUG - parso.python.diff : line_lengths old: 1; new: 1
2021-02-19 16:13:26,816 diff.py[line:296] - DEBUG - parso.python.diff : -> code[replace] old[1:1] new[1:1]
2021-02-19 16:13:26,816 diff.py[line:421] - DEBUG - parso.python.diff : parse_part from 1 to 1 (to 0 in part parser)
2021-02-19 16:13:26,816 diff.py[line:339] - DEBUG - parso.python.diff : diff parser end
2021-02-19 16:15:17,790 diff.py[line:282] - DEBUG - parso.python.diff : diff parser start
2021-02-19 16:15:17,791 diff.py[line:293] - DEBUG - parso.python.diff : line_lengths old: 1; new: 1
2021-02-19 16:15:17,791 diff.py[line:296] - DEBUG - parso.python.diff : -> code[replace] old[1:1] new[1:1]
2021-02-19 16:15:17,791 diff.py[line:421] - DEBUG - parso.python.diff : parse_part from 1 to 1 (to 0 in part parser)
2021-02-19 16:15:17,791 diff.py[line:339] - DEBUG - parso.python.diff : diff parser end
2021-02-19 16:15:27,073 diff.py[line:282] - DEBUG - parso.python.diff : diff parser start
2021-02-19 16:15:27,074 diff.py[line:293] - DEBUG - parso.python.diff : line_lengths old: 1; new: 1
2021-02-19 16:15:27,074 diff.py[line:296] - DEBUG - parso.python.diff : -> code[replace] old[1:1] new[1:1]
2021-02-19 16:15:27,074 diff.py[line:421] - DEBUG - parso.python.diff : parse_part from 1 to 1 (to 0 in part parser)
2021-02-19 16:15:27,074 diff.py[line:339] - DEBUG - parso.python.diff : diff parser end
2021-02-19 16:15:38,073 diff.py[line:282] - DEBUG - parso.python.diff : diff parser start
2021-02-19 16:15:38,073 diff.py[line:293] - DEBUG - parso.python.diff : line_lengths old: 1; new: 1
2021-02-19 16:15:38,073 diff.py[line:296] - DEBUG - parso.python.diff : -> code[replace] old[1:1] new[1:1]
2021-02-19 16:15:38,074 diff.py[line:421] - DEBUG - parso.python.diff : parse_part from 1 to 1 (to 0 in part parser)
2021-02-19 16:15:38,074 diff.py[line:339] - DEBUG - parso.python.diff : diff parser end
2021-02-19 16:18:50,537 diff.py[line:282] - DEBUG - parso.python.diff : diff parser start
2021-02-19 16:18:50,537 diff.py[line:293] - DEBUG - parso.python.diff : line_lengths old: 1; new: 1
2021-02-19 16:18:50,537 diff.py[line:296] - DEBUG - parso.python.diff : -> code[replace] old[1:1] new[1:1]
2021-02-19 16:18:50,538 diff.py[line:421] - DEBUG - parso.python.diff : parse_part from 1 to 1 (to 0 in part parser)
2021-02-19 16:18:50,538 diff.py[line:339] - DEBUG - parso.python.diff : diff parser end
2021-02-19 16:18:56,203 diff.py[line:282] - DEBUG - parso.python.diff : diff parser start
2021-02-19 16:18:56,204 diff.py[line:293] - DEBUG - parso.python.diff : line_lengths old: 1; new: 1
2021-02-19 16:18:56,204 diff.py[line:296] - DEBUG - parso.python.diff : -> code[replace] old[1:1] new[1:1]
2021-02-19 16:18:56,205 diff.py[line:421] - DEBUG - parso.python.diff : parse_part from 1 to 1 (to 0 in part parser)
2021-02-19 16:18:56,205 diff.py[line:339] - DEBUG - parso.python.diff : diff parser end
2021-02-19 16:19:33,483 diff.py[line:282] - DEBUG - parso.python.diff : diff parser start
2021-02-19 16:19:33,483 diff.py[line:293] - DEBUG - parso.python.diff : line_lengths old: 1; new: 1
2021-02-19 16:19:33,483 diff.py[line:296] - DEBUG - parso.python.diff : -> code[replace] old[1:1] new[1:1]
2021-02-19 16:19:33,484 diff.py[line:421] - DEBUG - parso.python.diff : parse_part from 1 to 1 (to 0 in part parser)
2021-02-19 16:19:33,484 diff.py[line:339] - DEBUG - parso.python.diff : diff parser end
2021-02-19 16:21:10,045 diff.py[line:282] - DEBUG - parso.python.diff : diff parser start
2021-02-19 16:21:10,045 diff.py[line:293] - DEBUG - parso.python.diff : line_lengths old: 1; new: 1
2021-02-19 16:21:10,045 diff.py[line:296] - DEBUG - parso.python.diff : -> code[replace] old[1:1] new[1:1]
2021-02-19 16:21:10,046 diff.py[line:421] - DEBUG - parso.python.diff : parse_part from 1 to 1 (to 0 in part parser)
2021-02-19 16:21:10,046 diff.py[line:339] - DEBUG - parso.python.diff : diff parser end
2021-02-19 16:21:35,834 diff.py[line:282] - DEBUG - parso.python.diff : diff parser start
2021-02-19 16:21:35,835 diff.py[line:293] - DEBUG - parso.python.diff : line_lengths old: 1; new: 1
2021-02-19 16:21:35,835 diff.py[line:296] - DEBUG - parso.python.diff : -> code[replace] old[1:1] new[1:1]
2021-02-19 16:21:35,836 diff.py[line:421] - DEBUG - parso.python.diff : parse_part from 1 to 1 (to 0 in part parser)
2021-02-19 16:21:35,836 diff.py[line:339] - DEBUG - parso.python.diff : diff parser end
2021-02-19 16:21:42,208 diff.py[line:282] - DEBUG - parso.python.diff : diff parser start
2021-02-19 16:21:42,209 diff.py[line:293] - DEBUG - parso.python.diff : line_lengths old: 1; new: 1
2021-02-19 16:21:42,209 diff.py[line:296] - DEBUG - parso.python.diff : -> code[replace] old[1:1] new[1:1]
2021-02-19 16:21:42,209 diff.py[line:421] - DEBUG - parso.python.diff : parse_part from 1 to 1 (to 0 in part parser)
2021-02-19 16:21:42,209 diff.py[line:339] - DEBUG - parso.python.diff : diff parser end
2021-02-19 16:22:28,601 diff.py[line:282] - DEBUG - parso.python.diff : diff parser start
2021-02-19 16:22:28,601 diff.py[line:293] - DEBUG - parso.python.diff : line_lengths old: 1; new: 1
2021-02-19 16:22:28,602 diff.py[line:296] - DEBUG - parso.python.diff : -> code[replace] old[1:1] new[1:1]
2021-02-19 16:22:28,602 diff.py[line:421] - DEBUG - parso.python.diff : parse_part from 1 to 1 (to 0 in part parser)
2021-02-19 16:22:28,602 diff.py[line:339] - DEBUG - parso.python.diff : diff parser end
2021-02-19 16:22:32,396 diff.py[line:282] - DEBUG - parso.python.diff : diff parser start
2021-02-19 16:22:32,397 diff.py[line:293] - DEBUG - parso.python.diff : line_lengths old: 1; new: 1
2021-02-19 16:22:32,397 diff.py[line:296] - DEBUG - parso.python.diff : -> code[replace] old[1:1] new[1:1]
2021-02-19 16:22:32,398 diff.py[line:421] - DEBUG - parso.python.diff : parse_part from 1 to 1 (to 0 in part parser)
2021-02-19 16:22:32,398 diff.py[line:339] - DEBUG - parso.python.diff : diff parser end
2021-02-19 16:22:42,690 diff.py[line:282] - DEBUG - parso.python.diff : diff parser start
2021-02-19 16:22:42,691 diff.py[line:293] - DEBUG - parso.python.diff : line_lengths old: 1; new: 1
2021-02-19 16:22:42,691 diff.py[line:296] - DEBUG - parso.python.diff : -> code[replace] old[1:1] new[1:1]
2021-02-19 16:22:42,691 diff.py[line:421] - DEBUG - parso.python.diff : parse_part from 1 to 1 (to 0 in part parser)
2021-02-19 16:22:42,691 diff.py[line:339] - DEBUG - parso.python.diff : diff parser end
2021-02-19 16:22:43,257 diff.py[line:282] - DEBUG - parso.python.diff : diff parser start
2021-02-19 16:22:43,258 diff.py[line:293] - DEBUG - parso.python.diff : line_lengths old: 1; new: 1
2021-02-19 16:22:43,258 diff.py[line:296] - DEBUG - parso.python.diff : -> code[replace] old[1:1] new[1:1]
2021-02-19 16:22:43,258 diff.py[line:421] - DEBUG - parso.python.diff : parse_part from 1 to 1 (to 0 in part parser)
2021-02-19 16:22:43,258 diff.py[line:339] - DEBUG - parso.python.diff : diff parser end
2021-02-19 16:22:50,222 diff.py[line:282] - DEBUG - parso.python.diff : diff parser start
2021-02-19 16:22:50,222 diff.py[line:293] - DEBUG - parso.python.diff : line_lengths old: 1; new: 1
2021-02-19 16:22:50,222 diff.py[line:296] - DEBUG - parso.python.diff : -> code[replace] old[1:1] new[1:1]
2021-02-19 16:22:50,223 diff.py[line:421] - DEBUG - parso.python.diff : parse_part from 1 to 1 (to 0 in part parser)
2021-02-19 16:22:50,223 diff.py[line:339] - DEBUG - parso.python.diff : diff parser end
2021-02-19 16:26:52,713 diff.py[line:282] - DEBUG - parso.python.diff : diff parser start
2021-02-19 16:26:52,714 diff.py[line:293] - DEBUG - parso.python.diff : line_lengths old: 1; new: 1
2021-02-19 16:26:52,714 diff.py[line:296] - DEBUG - parso.python.diff : -> code[replace] old[1:1] new[1:1]
2021-02-19 16:26:52,714 diff.py[line:421] - DEBUG - parso.python.diff : parse_part from 1 to 1 (to 0 in part parser)
2021-02-19 16:26:52,714 diff.py[line:339] - DEBUG - parso.python.diff : diff parser end
2021-02-19 16:39:20,439 diff.py[line:282] - DEBUG - parso.python.diff : diff parser start
2021-02-19 16:39:20,440 diff.py[line:293] - DEBUG - parso.python.diff : line_lengths old: 1; new: 1
2021-02-19 16:39:20,440 diff.py[line:296] - DEBUG - parso.python.diff : -> code[replace] old[1:1] new[1:1]
2021-02-19 16:39:20,440 diff.py[line:421] - DEBUG - parso.python.diff : parse_part from 1 to 1 (to 0 in part parser)
2021-02-19 16:39:20,440 diff.py[line:339] - DEBUG - parso.python.diff : diff parser end
2021-02-19 16:40:51,387 diff.py[line:282] - DEBUG - parso.python.diff : diff parser start
2021-02-19 16:40:51,388 diff.py[line:293] - DEBUG - parso.python.diff : line_lengths old: 1; new: 1
2021-02-19 16:40:51,388 diff.py[line:296] - DEBUG - parso.python.diff : -> code[replace] old[1:1] new[1:1]
2021-02-19 16:40:51,388 diff.py[line:421] - DEBUG - parso.python.diff : parse_part from 1 to 1 (to 0 in part parser)
2021-02-19 16:40:51,388 diff.py[line:339] - DEBUG - parso.python.diff : diff parser end
2021-02-19 16:40:52,067 diff.py[line:282] - DEBUG - parso.python.diff : diff parser start
2021-02-19 16:40:52,067 diff.py[line:293] - DEBUG - parso.python.diff : line_lengths old: 1; new: 1
2021-02-19 16:40:52,067 diff.py[line:296] - DEBUG - parso.python.diff : -> code[replace] old[1:1] new[1:1]
2021-02-19 16:40:52,068 diff.py[line:421] - DEBUG - parso.python.diff : parse_part from 1 to 1 (to 0 in part parser)
2021-02-19 16:40:52,068 diff.py[line:339] - DEBUG - parso.python.diff : diff parser end
2021-02-19 16:40:54,088 diff.py[line:282] - DEBUG - parso.python.diff : diff parser start
2021-02-19 16:40:54,089 diff.py[line:293] - DEBUG - parso.python.diff : line_lengths old: 1; new: 1
2021-02-19 16:40:54,089 diff.py[line:296] - DEBUG - parso.python.diff : -> code[replace] old[1:1] new[1:1]
2021-02-19 16:40:54,089 diff.py[line:421] - DEBUG - parso.python.diff : parse_part from 1 to 1 (to 0 in part parser)
2021-02-19 16:40:54,089 diff.py[line:339] - DEBUG - parso.python.diff : diff parser end
