2021-01-08 23:05:36,980 logger.py[line:40] - INFO - root : materialData:{} is now in global
2021-01-08 23:06:20,116 logger.py[line:40] - INFO - root : materialData:{} is now in global
2021-01-08 23:06:23,244 logger.py[line:40] - INFO - root : close is now in globalVars.materialData
2021-01-08 23:06:26,332 logger.py[line:40] - INFO - root : high is now in globalVars.materialData
2021-01-08 23:06:29,430 logger.py[line:40] - INFO - root : low is now in globalVars.materialData
2021-01-08 23:06:32,510 logger.py[line:40] - INFO - root : open is now in globalVars.materialData
2021-01-08 23:06:35,582 logger.py[line:40] - INFO - root : preclose is now in globalVars.materialData
2021-01-08 23:06:38,814 logger.py[line:40] - INFO - root : amount is now in globalVars.materialData
2021-01-08 23:06:42,012 logger.py[line:40] - INFO - root : volume is now in globalVars.materialData
2021-01-08 23:06:45,193 logger.py[line:40] - INFO - root : pctChange is now in globalVars.materialData
2021-01-08 23:06:48,279 logger.py[line:40] - INFO - root : raw_close is now in globalVars.materialData
2021-01-08 23:06:51,351 logger.py[line:40] - INFO - root : raw_high is now in globalVars.materialData
2021-01-08 23:06:54,487 logger.py[line:40] - INFO - root : raw_low is now in globalVars.materialData
2021-01-08 23:06:57,551 logger.py[line:40] - INFO - root : raw_open is now in globalVars.materialData
2021-01-08 23:07:00,570 logger.py[line:40] - INFO - root : buy_limit is now in globalVars.materialData
2021-01-08 23:07:03,572 logger.py[line:40] - INFO - root : sell_limit is now in globalVars.materialData
2021-01-08 23:07:06,635 logger.py[line:40] - INFO - root : is_trading is now in globalVars.materialData
2021-01-08 23:07:11,186 logger.py[line:40] - INFO - root : market_cap is now in globalVars.materialData
2021-01-08 23:07:15,753 logger.py[line:40] - INFO - root : circulating_market_cap is now in globalVars.materialData
2021-01-08 23:07:20,454 logger.py[line:40] - INFO - root : free_circulating_market_cap is now in globalVars.materialData
2021-01-08 23:08:41,374 logger.py[line:40] - INFO - root : materialData:{} is now in global
2021-01-08 23:08:44,443 logger.py[line:40] - INFO - root : close is now in globalVars.materialData
2021-01-08 23:08:47,472 logger.py[line:40] - INFO - root : high is now in globalVars.materialData
2021-01-08 23:08:50,490 logger.py[line:40] - INFO - root : low is now in globalVars.materialData
2021-01-08 23:08:53,523 logger.py[line:40] - INFO - root : open is now in globalVars.materialData
2021-01-08 23:08:56,567 logger.py[line:40] - INFO - root : preclose is now in globalVars.materialData
2021-01-08 23:08:59,724 logger.py[line:40] - INFO - root : amount is now in globalVars.materialData
2021-01-08 23:09:02,862 logger.py[line:40] - INFO - root : volume is now in globalVars.materialData
2021-01-08 23:09:06,011 logger.py[line:40] - INFO - root : pctChange is now in globalVars.materialData
2021-01-08 23:09:09,048 logger.py[line:40] - INFO - root : raw_close is now in globalVars.materialData
2021-01-08 23:09:12,092 logger.py[line:40] - INFO - root : raw_high is now in globalVars.materialData
2021-01-08 23:09:15,157 logger.py[line:40] - INFO - root : raw_low is now in globalVars.materialData
2021-01-08 23:09:18,186 logger.py[line:40] - INFO - root : raw_open is now in globalVars.materialData
2021-01-08 23:09:21,130 logger.py[line:40] - INFO - root : buy_limit is now in globalVars.materialData
2021-01-08 23:09:24,076 logger.py[line:40] - INFO - root : sell_limit is now in globalVars.materialData
2021-01-08 23:09:27,082 logger.py[line:40] - INFO - root : is_trading is now in globalVars.materialData
2021-01-08 23:09:31,529 logger.py[line:40] - INFO - root : market_cap is now in globalVars.materialData
2021-01-08 23:09:36,026 logger.py[line:40] - INFO - root : circulating_market_cap is now in globalVars.materialData
2021-01-08 23:09:40,681 logger.py[line:40] - INFO - root : free_circulating_market_cap is now in globalVars.materialData
2021-01-08 23:45:16,543 logger.py[line:40] - INFO - root : materialData:{} is now in global
2021-01-08 23:45:19,639 logger.py[line:40] - INFO - root : close is now in globalVars.materialData
2021-01-08 23:45:22,689 logger.py[line:40] - INFO - root : high is now in globalVars.materialData
2021-01-08 23:45:25,732 logger.py[line:40] - INFO - root : low is now in globalVars.materialData
2021-01-08 23:45:28,780 logger.py[line:40] - INFO - root : open is now in globalVars.materialData
2021-01-08 23:45:31,832 logger.py[line:40] - INFO - root : preclose is now in globalVars.materialData
2021-01-08 23:45:35,019 logger.py[line:40] - INFO - root : amount is now in globalVars.materialData
2021-01-08 23:45:38,191 logger.py[line:40] - INFO - root : volume is now in globalVars.materialData
2021-01-08 23:45:41,343 logger.py[line:40] - INFO - root : pctChange is now in globalVars.materialData
2021-01-08 23:45:44,403 logger.py[line:40] - INFO - root : raw_close is now in globalVars.materialData
2021-01-08 23:45:47,455 logger.py[line:40] - INFO - root : raw_high is now in globalVars.materialData
2021-01-08 23:45:50,530 logger.py[line:40] - INFO - root : raw_low is now in globalVars.materialData
2021-01-08 23:45:53,604 logger.py[line:40] - INFO - root : raw_open is now in globalVars.materialData
2021-01-08 23:45:56,567 logger.py[line:40] - INFO - root : buy_limit is now in globalVars.materialData
2021-01-08 23:45:59,528 logger.py[line:40] - INFO - root : sell_limit is now in globalVars.materialData
2021-01-08 23:46:02,551 logger.py[line:40] - INFO - root : is_trading is now in globalVars.materialData
2021-01-08 23:46:07,036 logger.py[line:40] - INFO - root : market_cap is now in globalVars.materialData
2021-01-08 23:46:11,565 logger.py[line:40] - INFO - root : circulating_market_cap is now in globalVars.materialData
2021-01-08 23:46:16,245 logger.py[line:40] - INFO - root : free_circulating_market_cap is now in globalVars.materialData
2021-01-08 23:53:18,201 logger.py[line:40] - INFO - root : materialData:{} is now in global
2021-01-08 23:53:21,369 logger.py[line:40] - INFO - root : close is now in globalVars.materialData
2021-01-08 23:53:24,491 logger.py[line:40] - INFO - root : high is now in globalVars.materialData
2021-01-08 23:53:27,625 logger.py[line:40] - INFO - root : low is now in globalVars.materialData
2021-01-08 23:53:30,753 logger.py[line:40] - INFO - root : open is now in globalVars.materialData
2021-01-08 23:53:33,898 logger.py[line:40] - INFO - root : preclose is now in globalVars.materialData
2021-01-08 23:53:37,159 logger.py[line:40] - INFO - root : amount is now in globalVars.materialData
2021-01-08 23:53:40,409 logger.py[line:40] - INFO - root : volume is now in globalVars.materialData
2021-01-08 23:53:43,637 logger.py[line:40] - INFO - root : pctChange is now in globalVars.materialData
2021-01-08 23:53:46,802 logger.py[line:40] - INFO - root : raw_close is now in globalVars.materialData
2021-01-08 23:53:49,928 logger.py[line:40] - INFO - root : raw_high is now in globalVars.materialData
2021-01-08 23:53:53,133 logger.py[line:40] - INFO - root : raw_low is now in globalVars.materialData
2021-01-08 23:53:56,273 logger.py[line:40] - INFO - root : raw_open is now in globalVars.materialData
2021-01-08 23:53:59,324 logger.py[line:40] - INFO - root : buy_limit is now in globalVars.materialData
2021-01-08 23:54:02,408 logger.py[line:40] - INFO - root : sell_limit is now in globalVars.materialData
2021-01-08 23:54:05,504 logger.py[line:40] - INFO - root : is_trading is now in globalVars.materialData
2021-01-08 23:54:10,113 logger.py[line:40] - INFO - root : market_cap is now in globalVars.materialData
2021-01-08 23:54:14,751 logger.py[line:40] - INFO - root : circulating_market_cap is now in globalVars.materialData
2021-01-08 23:54:19,618 logger.py[line:40] - INFO - root : free_circulating_market_cap is now in globalVars.materialData
2021-01-08 23:55:27,586 logger.py[line:40] - INFO - root : materialData:{} is now in global
2021-01-08 23:55:30,656 logger.py[line:40] - INFO - root : close is now in globalVars.materialData
2021-01-08 23:55:33,689 logger.py[line:40] - INFO - root : high is now in globalVars.materialData
2021-01-08 23:55:36,711 logger.py[line:40] - INFO - root : low is now in globalVars.materialData
2021-01-08 23:55:39,751 logger.py[line:40] - INFO - root : open is now in globalVars.materialData
2021-01-08 23:55:42,799 logger.py[line:40] - INFO - root : preclose is now in globalVars.materialData
2021-01-08 23:55:45,979 logger.py[line:40] - INFO - root : amount is now in globalVars.materialData
2021-01-08 23:55:49,126 logger.py[line:40] - INFO - root : volume is now in globalVars.materialData
2021-01-08 23:55:52,283 logger.py[line:40] - INFO - root : pctChange is now in globalVars.materialData
2021-01-08 23:55:55,329 logger.py[line:40] - INFO - root : raw_close is now in globalVars.materialData
2021-01-08 23:55:58,372 logger.py[line:40] - INFO - root : raw_high is now in globalVars.materialData
2021-01-08 23:56:01,439 logger.py[line:40] - INFO - root : raw_low is now in globalVars.materialData
2021-01-08 23:56:04,479 logger.py[line:40] - INFO - root : raw_open is now in globalVars.materialData
2021-01-08 23:56:07,435 logger.py[line:40] - INFO - root : buy_limit is now in globalVars.materialData
2021-01-08 23:56:10,406 logger.py[line:40] - INFO - root : sell_limit is now in globalVars.materialData
2021-01-08 23:56:13,432 logger.py[line:40] - INFO - root : is_trading is now in globalVars.materialData
2021-01-08 23:56:17,907 logger.py[line:40] - INFO - root : market_cap is now in globalVars.materialData
2021-01-08 23:56:22,392 logger.py[line:40] - INFO - root : circulating_market_cap is now in globalVars.materialData
2021-01-08 23:56:27,034 logger.py[line:40] - INFO - root : free_circulating_market_cap is now in globalVars.materialData
2021-01-08 23:58:25,924 logger.py[line:40] - INFO - root : materialData:{} is now in global
2021-01-08 23:58:28,996 logger.py[line:40] - INFO - root : close is now in globalVars.materialData
2021-01-08 23:58:32,077 logger.py[line:40] - INFO - root : high is now in globalVars.materialData
2021-01-08 23:58:35,191 logger.py[line:40] - INFO - root : low is now in globalVars.materialData
2021-01-08 23:58:38,265 logger.py[line:40] - INFO - root : open is now in globalVars.materialData
2021-01-08 23:58:41,344 logger.py[line:40] - INFO - root : preclose is now in globalVars.materialData
2021-01-08 23:58:44,561 logger.py[line:40] - INFO - root : amount is now in globalVars.materialData
2021-01-08 23:58:47,779 logger.py[line:40] - INFO - root : volume is now in globalVars.materialData
2021-01-08 23:58:50,956 logger.py[line:40] - INFO - root : pctChange is now in globalVars.materialData
2021-01-08 23:58:54,045 logger.py[line:40] - INFO - root : raw_close is now in globalVars.materialData
2021-01-08 23:58:57,198 logger.py[line:40] - INFO - root : raw_high is now in globalVars.materialData
2021-01-08 23:59:00,265 logger.py[line:40] - INFO - root : raw_low is now in globalVars.materialData
2021-01-08 23:59:03,348 logger.py[line:40] - INFO - root : raw_open is now in globalVars.materialData
2021-01-08 23:59:06,337 logger.py[line:40] - INFO - root : buy_limit is now in globalVars.materialData
2021-01-08 23:59:09,324 logger.py[line:40] - INFO - root : sell_limit is now in globalVars.materialData
2021-01-08 23:59:12,381 logger.py[line:40] - INFO - root : is_trading is now in globalVars.materialData
2021-01-08 23:59:16,984 logger.py[line:40] - INFO - root : market_cap is now in globalVars.materialData
2021-01-08 23:59:21,504 logger.py[line:40] - INFO - root : circulating_market_cap is now in globalVars.materialData
2021-01-08 23:59:26,220 logger.py[line:40] - INFO - root : free_circulating_market_cap is now in globalVars.materialData
