2021-01-11 17:18:01,220 logger.py[line:40] - INFO - root : materialData:{} is now in global
2021-01-11 17:18:02,019 logger.py[line:40] - INFO - root : close is now in globalVars.materialData
2021-01-11 17:18:02,791 logger.py[line:40] - INFO - root : high is now in globalVars.materialData
2021-01-11 17:18:03,622 logger.py[line:40] - INFO - root : low is now in globalVars.materialData
2021-01-11 17:18:04,352 logger.py[line:40] - INFO - root : open is now in globalVars.materialData
2021-01-11 17:18:05,167 logger.py[line:40] - INFO - root : amount is now in globalVars.materialData
2021-01-11 17:18:05,976 logger.py[line:40] - INFO - root : volume is now in globalVars.materialData
2021-01-11 17:18:05,977 logger.py[line:40] - INFO - root : barra:{} is now in global
2021-01-11 17:18:09,047 logger.py[line:40] - INFO - root : beta is now in globalVars.barra
2021-01-11 17:18:12,219 logger.py[line:40] - INFO - root : blev is now in globalVars.barra
2021-01-11 17:18:15,257 logger.py[line:40] - INFO - root : bp is now in globalVars.barra
2021-01-11 17:18:18,157 logger.py[line:40] - INFO - root : cetop is now in globalVars.barra
2021-01-11 17:18:21,148 logger.py[line:40] - INFO - root : dastd is now in globalVars.barra
2021-01-11 17:18:24,048 logger.py[line:40] - INFO - root : etop is now in globalVars.barra
2021-01-11 17:18:27,257 logger.py[line:40] - INFO - root : mom is now in globalVars.barra
2021-01-11 17:18:30,338 logger.py[line:40] - INFO - root : nonlinear_size is now in globalVars.barra
2021-01-11 17:18:33,574 logger.py[line:40] - INFO - root : size is now in globalVars.barra
2021-01-11 17:18:36,566 logger.py[line:40] - INFO - root : stoa is now in globalVars.barra
2021-01-11 17:18:39,574 logger.py[line:40] - INFO - root : stom is now in globalVars.barra
2021-01-11 17:18:42,679 logger.py[line:40] - INFO - root : stoq is now in globalVars.barra
2021-01-11 17:18:43,229 logger.py[line:40] - INFO - root : load all......done
2021-01-11 17:18:43,316 logger.py[line:40] - INFO - root : start the easimple
2021-01-11 17:18:43,863 onePeriodMulti.py[line:47] - INFO - root : evaluating initial pop......start
2021-01-11 17:18:43,864 onePeriodMulti.py[line:50] - INFO - root : time in parent is 1610356723.864679
2021-01-11 17:18:46,343 logger.py[line:37] - DEBUG - root : evaluate in pid 34372 time 1610356726.3439922 
2021-01-11 17:18:46,805 logger.py[line:37] - DEBUG - root : 34372 used 0.3836662769317627s to calculate the factor
2021-01-11 17:18:47,022 logger.py[line:37] - DEBUG - root : 34372 used 0.2175154685974121s to apply mad
2021-01-11 17:18:47,279 logger.py[line:37] - DEBUG - root : 34372 used 0.256058931350708s to apply scale
2021-01-11 17:18:47,280 logger.py[line:37] - DEBUG - root : 34372 fail to stack barra and toRegFactor
2021-01-11 17:18:47,532 logger.py[line:37] - DEBUG - root : 34372 used 0.2513432502746582s to apply regression to the factor
2021-01-11 17:18:48,566 logger.py[line:37] - DEBUG - root : evaluate in pid 32528 time 1610356728.5658875 
2021-01-11 17:18:49,142 logger.py[line:37] - DEBUG - root : 32528 used 0.4918546676635742s to calculate the factor
2021-01-11 17:18:49,331 logger.py[line:37] - DEBUG - root : 32528 used 0.1893172264099121s to apply mad
2021-01-11 17:18:49,550 logger.py[line:37] - DEBUG - root : 32528 used 0.21907997131347656s to apply scale
2021-01-11 17:18:49,550 logger.py[line:37] - DEBUG - root : 32528 fail to stack barra and toRegFactor
2021-01-11 17:18:50,096 logger.py[line:37] - DEBUG - root : 32528 used 0.5456202030181885s to apply regression to the factor
2021-01-11 17:18:50,681 logger.py[line:37] - DEBUG - root : evaluate in pid 32008 time 1610356730.6818745 
2021-01-11 17:18:50,696 logger.py[line:37] - DEBUG - root : 34372 used 3.164229393005371s to evaluate the factor
2021-01-11 17:18:51,161 logger.py[line:37] - DEBUG - root : 32008 new factor are not valid or all the same
2021-01-11 17:18:51,162 logger.py[line:37] - DEBUG - root : 32008 used 0.3975403308868408s to calculate the factor
2021-01-11 17:18:51,743 logger.py[line:37] - DEBUG - root : 32528 used 1.646897792816162s to evaluate the factor
2021-01-11 17:18:52,682 logger.py[line:37] - DEBUG - root : evaluate in pid 38124 time 1610356732.6825976 
2021-01-11 17:18:53,646 logger.py[line:37] - DEBUG - root : 38124 used 0.8801190853118896s to calculate the factor
2021-01-11 17:18:53,874 logger.py[line:37] - DEBUG - root : 38124 used 0.22791576385498047s to apply mad
2021-01-11 17:18:54,106 logger.py[line:37] - DEBUG - root : 38124 used 0.23115229606628418s to apply scale
2021-01-11 17:18:54,106 logger.py[line:37] - DEBUG - root : 38124 fail to stack barra and toRegFactor
2021-01-11 17:18:54,665 logger.py[line:37] - DEBUG - root : evaluate in pid 35028 time 1610356734.665847 
2021-01-11 17:18:54,680 logger.py[line:37] - DEBUG - root : 38124 used 0.5743157863616943s to apply regression to the factor
2021-01-11 17:18:56,216 logger.py[line:37] - DEBUG - root : 38124 used 1.5342962741851807s to evaluate the factor
2021-01-11 17:18:56,864 logger.py[line:37] - DEBUG - root : evaluate in pid 39092 time 1610356736.8645396 
2021-01-11 17:18:57,030 logger.py[line:37] - DEBUG - root : 35028 used 2.270397663116455s to calculate the factor
2021-01-11 17:18:57,043 logger.py[line:37] - DEBUG - root : 39092 used 0.09073424339294434s to calculate the factor
2021-01-11 17:18:57,260 logger.py[line:37] - DEBUG - root : 35028 used 0.22977781295776367s to apply mad
2021-01-11 17:18:57,345 logger.py[line:37] - DEBUG - root : 39092 used 0.301349401473999s to apply mad
2021-01-11 17:18:57,551 logger.py[line:37] - DEBUG - root : 35028 used 0.2918100357055664s to apply scale
2021-01-11 17:18:57,552 logger.py[line:37] - DEBUG - root : 35028 fail to stack barra and toRegFactor
2021-01-11 17:18:57,601 logger.py[line:37] - DEBUG - root : 39092 used 0.25623202323913574s to apply scale
2021-01-11 17:18:57,601 logger.py[line:37] - DEBUG - root : 39092 fail to stack barra and toRegFactor
2021-01-11 17:18:58,283 logger.py[line:37] - DEBUG - root : 35028 used 0.7298736572265625s to apply regression to the factor
2021-01-11 17:18:58,512 logger.py[line:37] - DEBUG - root : 39092 used 0.9104132652282715s to apply regression to the factor
2021-01-11 17:18:59,213 logger.py[line:37] - DEBUG - root : evaluate in pid 34372 time 1610356739.2134924 
2021-01-11 17:18:59,756 logger.py[line:37] - DEBUG - root : 34372 used 0.4721677303314209s to calculate the factor
2021-01-11 17:18:59,983 logger.py[line:37] - DEBUG - root : 34372 used 0.22652435302734375s to apply mad
2021-01-11 17:19:00,074 logger.py[line:37] - DEBUG - root : 35028 used 1.7905778884887695s to evaluate the factor
2021-01-11 17:19:00,213 logger.py[line:37] - DEBUG - root : 34372 used 0.2292037010192871s to apply scale
2021-01-11 17:19:00,213 logger.py[line:37] - DEBUG - root : 34372 fail to stack barra and toRegFactor
2021-01-11 17:19:00,276 logger.py[line:37] - DEBUG - root : 39092 used 1.7646567821502686s to evaluate the factor
2021-01-11 17:19:00,741 logger.py[line:37] - DEBUG - root : 34372 used 0.5285391807556152s to apply regression to the factor
2021-01-11 17:19:01,441 logger.py[line:37] - DEBUG - root : evaluate in pid 32008 time 1610356741.4416027 
2021-01-11 17:19:02,274 logger.py[line:37] - DEBUG - root : 34372 used 1.532318353652954s to evaluate the factor
2021-01-11 17:19:03,028 logger.py[line:37] - DEBUG - root : 32008 used 1.4945704936981201s to calculate the factor
2021-01-11 17:19:03,303 logger.py[line:37] - DEBUG - root : 32008 used 0.2750084400177002s to apply mad
2021-01-11 17:19:03,564 logger.py[line:37] - DEBUG - root : evaluate in pid 32528 time 1610356743.5640285 
2021-01-11 17:19:03,588 logger.py[line:37] - DEBUG - root : 32008 used 0.2847788333892822s to apply scale
2021-01-11 17:19:03,589 logger.py[line:37] - DEBUG - root : 32008 fail to stack barra and toRegFactor
2021-01-11 17:19:03,662 logger.py[line:37] - DEBUG - root : 32528 used 0.01599407196044922s to calculate the factor
2021-01-11 17:19:04,000 logger.py[line:37] - DEBUG - root : 32528 used 0.3380849361419678s to apply mad
2021-01-11 17:19:04,246 logger.py[line:37] - DEBUG - root : 32528 used 0.24605512619018555s to apply scale
2021-01-11 17:19:04,246 logger.py[line:37] - DEBUG - root : 32528 fail to stack barra and toRegFactor
2021-01-11 17:19:04,247 logger.py[line:37] - DEBUG - root : 32008 used 0.6586110591888428s to apply regression to the factor
2021-01-11 17:19:05,202 logger.py[line:37] - DEBUG - root : 32528 used 0.9557716846466064s to apply regression to the factor
2021-01-11 17:19:05,898 logger.py[line:37] - DEBUG - root : 32008 used 1.6500024795532227s to evaluate the factor
2021-01-11 17:19:05,952 logger.py[line:37] - DEBUG - root : evaluate in pid 38124 time 1610356745.9526453 
2021-01-11 17:19:06,700 logger.py[line:37] - DEBUG - root : 32528 used 1.497849941253662s to evaluate the factor
2021-01-11 17:19:06,833 logger.py[line:37] - DEBUG - root : 38124 used 0.8116261959075928s to calculate the factor
2021-01-11 17:19:07,035 logger.py[line:37] - DEBUG - root : 38124 used 0.20104479789733887s to apply mad
2021-01-11 17:19:07,222 logger.py[line:37] - DEBUG - root : 38124 used 0.1870424747467041s to apply scale
2021-01-11 17:19:07,222 logger.py[line:37] - DEBUG - root : 38124 fail to stack barra and toRegFactor
2021-01-11 17:19:07,608 logger.py[line:37] - DEBUG - root : 38124 used 0.38562679290771484s to apply regression to the factor
2021-01-11 17:19:08,852 logger.py[line:37] - DEBUG - root : 38124 used 1.2431461811065674s to evaluate the factor
2021-01-11 17:19:08,935 onePeriodMulti.py[line:57] - INFO - root : evaluating initial pop......done  25.071008920669556
2021-01-11 17:19:08,936 onePeriodMulti.py[line:59] - INFO - root : The initial record:{'avg': -0.10588530481880357, 'std': 0.2982648739488596, 'min': -1.0, 'max': 0.0025363740726884257}
2021-01-11 17:19:08,938 onePeriodMulti.py[line:85] - INFO - root : start evaluate for 0th Generation new 12 individuals......
2021-01-11 17:19:11,369 logger.py[line:37] - DEBUG - root : evaluate in pid 852 time 1610356751.3695962 
2021-01-11 17:19:11,755 logger.py[line:37] - DEBUG - root : 852 used 0.31507086753845215s to calculate the factor
2021-01-11 17:19:12,016 logger.py[line:37] - DEBUG - root : 852 used 0.26059484481811523s to apply mad
2021-01-11 17:19:12,233 logger.py[line:37] - DEBUG - root : 852 used 0.21704888343811035s to apply scale
2021-01-11 17:19:12,233 logger.py[line:37] - DEBUG - root : 852 fail to stack barra and toRegFactor
2021-01-11 17:19:12,756 logger.py[line:37] - DEBUG - root : 852 used 0.5229029655456543s to apply regression to the factor
2021-01-11 17:19:13,376 logger.py[line:37] - DEBUG - root : evaluate in pid 6412 time 1610356753.3769093 
2021-01-11 17:19:13,515 logger.py[line:37] - DEBUG - root : 6412 used 0.019539833068847656s to calculate the factor
2021-01-11 17:19:13,872 logger.py[line:37] - DEBUG - root : 6412 used 0.3562757968902588s to apply mad
2021-01-11 17:19:14,084 logger.py[line:37] - DEBUG - root : 6412 used 0.21083378791809082s to apply scale
2021-01-11 17:19:14,084 logger.py[line:37] - DEBUG - root : 6412 fail to stack barra and toRegFactor
2021-01-11 17:19:14,345 logger.py[line:37] - DEBUG - root : 852 used 1.588050127029419s to evaluate the factor
2021-01-11 17:19:14,721 logger.py[line:37] - DEBUG - root : 6412 used 0.637479305267334s to apply regression to the factor
2021-01-11 17:19:15,544 logger.py[line:37] - DEBUG - root : evaluate in pid 15396 time 1610356755.5449843 
2021-01-11 17:19:16,222 logger.py[line:37] - DEBUG - root : 6412 used 1.5010113716125488s to evaluate the factor
2021-01-11 17:19:16,557 logger.py[line:37] - DEBUG - root : 15396 used 0.9326817989349365s to calculate the factor
2021-01-11 17:19:16,801 logger.py[line:37] - DEBUG - root : 15396 used 0.24257278442382812s to apply mad
2021-01-11 17:19:17,042 logger.py[line:37] - DEBUG - root : 15396 used 0.24119806289672852s to apply scale
2021-01-11 17:19:17,043 logger.py[line:37] - DEBUG - root : 15396 fail to stack barra and toRegFactor
2021-01-11 17:19:17,576 logger.py[line:37] - DEBUG - root : evaluate in pid 14244 time 1610356757.5765874 
2021-01-11 17:19:17,647 logger.py[line:37] - DEBUG - root : 15396 used 0.6043767929077148s to apply regression to the factor
2021-01-11 17:19:18,048 logger.py[line:37] - DEBUG - root : 14244 used 0.3823518753051758s to calculate the factor
2021-01-11 17:19:18,307 logger.py[line:37] - DEBUG - root : 14244 used 0.25711488723754883s to apply mad
2021-01-11 17:19:18,632 logger.py[line:37] - DEBUG - root : 14244 used 0.32508420944213867s to apply scale
2021-01-11 17:19:18,632 logger.py[line:37] - DEBUG - root : 14244 fail to stack barra and toRegFactor
2021-01-11 17:19:19,180 logger.py[line:37] - DEBUG - root : 14244 used 0.5482697486877441s to apply regression to the factor
2021-01-11 17:19:19,363 logger.py[line:37] - DEBUG - root : 15396 used 1.7146809101104736s to evaluate the factor
2021-01-11 17:19:19,779 logger.py[line:37] - DEBUG - root : evaluate in pid 16820 time 1610356759.7796504 
2021-01-11 17:19:20,300 logger.py[line:37] - DEBUG - root : 16820 used 0.4484562873840332s to calculate the factor
2021-01-11 17:19:20,527 logger.py[line:37] - DEBUG - root : 16820 used 0.22641825675964355s to apply mad
2021-01-11 17:19:20,700 logger.py[line:37] - DEBUG - root : 14244 used 1.5200278759002686s to evaluate the factor
2021-01-11 17:19:20,755 logger.py[line:37] - DEBUG - root : 16820 used 0.22761106491088867s to apply scale
2021-01-11 17:19:20,755 logger.py[line:37] - DEBUG - root : 16820 fail to stack barra and toRegFactor
2021-01-11 17:19:21,286 logger.py[line:37] - DEBUG - root : 16820 used 0.5313575267791748s to apply regression to the factor
2021-01-11 17:19:21,957 logger.py[line:37] - DEBUG - root : evaluate in pid 21844 time 1610356761.9570057 
2021-01-11 17:19:22,125 logger.py[line:37] - DEBUG - root : 21844 used 0.040042877197265625s to calculate the factor
2021-01-11 17:19:22,423 logger.py[line:37] - DEBUG - root : 21844 used 0.2974841594696045s to apply mad
2021-01-11 17:19:22,654 logger.py[line:37] - DEBUG - root : 21844 used 0.23074674606323242s to apply scale
2021-01-11 17:19:22,654 logger.py[line:37] - DEBUG - root : 21844 fail to stack barra and toRegFactor
2021-01-11 17:19:22,820 logger.py[line:37] - DEBUG - root : 16820 used 1.5330743789672852s to evaluate the factor
2021-01-11 17:19:23,395 logger.py[line:37] - DEBUG - root : 21844 used 0.7410728931427002s to apply regression to the factor
2021-01-11 17:19:24,093 logger.py[line:37] - DEBUG - root : evaluate in pid 852 time 1610356764.0932755 
2021-01-11 17:19:24,875 logger.py[line:37] - DEBUG - root : 852 used 0.7122921943664551s to calculate the factor
2021-01-11 17:19:24,967 logger.py[line:37] - DEBUG - root : 21844 used 1.5725538730621338s to evaluate the factor
2021-01-11 17:19:25,055 logger.py[line:37] - DEBUG - root : 852 used 0.18033194541931152s to apply mad
2021-01-11 17:19:25,277 logger.py[line:37] - DEBUG - root : 852 used 0.22124052047729492s to apply scale
2021-01-11 17:19:25,277 logger.py[line:37] - DEBUG - root : 852 fail to stack barra and toRegFactor
2021-01-11 17:19:25,794 logger.py[line:37] - DEBUG - root : 852 used 0.5171675682067871s to apply regression to the factor
2021-01-11 17:19:26,236 logger.py[line:37] - DEBUG - root : evaluate in pid 6412 time 1610356766.236922 
2021-01-11 17:19:27,263 logger.py[line:37] - DEBUG - root : 6412 used 0.9547379016876221s to calculate the factor
2021-01-11 17:19:27,286 logger.py[line:37] - DEBUG - root : 852 used 1.4912605285644531s to evaluate the factor
2021-01-11 17:19:27,490 logger.py[line:37] - DEBUG - root : 6412 used 0.22668910026550293s to apply mad
2021-01-11 17:19:27,748 logger.py[line:37] - DEBUG - root : 6412 used 0.258084774017334s to apply scale
2021-01-11 17:19:27,749 logger.py[line:37] - DEBUG - root : 6412 fail to stack barra and toRegFactor
2021-01-11 17:19:28,343 logger.py[line:37] - DEBUG - root : 6412 used 0.5929930210113525s to apply regression to the factor
2021-01-11 17:19:28,394 logger.py[line:37] - DEBUG - root : evaluate in pid 15396 time 1610356768.3949063 
2021-01-11 17:19:29,625 logger.py[line:37] - DEBUG - root : 15396 used 1.1602416038513184s to calculate the factor
2021-01-11 17:19:29,843 logger.py[line:37] - DEBUG - root : 15396 used 0.2172696590423584s to apply mad
2021-01-11 17:19:29,868 logger.py[line:37] - DEBUG - root : 6412 used 1.5250744819641113s to evaluate the factor
2021-01-11 17:19:30,083 logger.py[line:37] - DEBUG - root : 15396 used 0.23955607414245605s to apply scale
2021-01-11 17:19:30,083 logger.py[line:37] - DEBUG - root : 15396 fail to stack barra and toRegFactor
2021-01-11 17:19:30,644 logger.py[line:37] - DEBUG - root : evaluate in pid 14244 time 1610356770.644192 
2021-01-11 17:19:30,751 logger.py[line:37] - DEBUG - root : 15396 used 0.6673078536987305s to apply regression to the factor
2021-01-11 17:19:31,156 logger.py[line:37] - DEBUG - root : 14244 used 0.42473864555358887s to calculate the factor
2021-01-11 17:19:31,421 logger.py[line:37] - DEBUG - root : 14244 used 0.265688419342041s to apply mad
2021-01-11 17:19:31,736 logger.py[line:37] - DEBUG - root : 14244 used 0.31522369384765625s to apply scale
2021-01-11 17:19:31,736 logger.py[line:37] - DEBUG - root : 14244 fail to stack barra and toRegFactor
2021-01-11 17:19:32,242 logger.py[line:37] - DEBUG - root : 14244 used 0.5053050518035889s to apply regression to the factor
2021-01-11 17:19:32,492 logger.py[line:37] - DEBUG - root : 15396 used 1.7416863441467285s to evaluate the factor
2021-01-11 17:19:32,954 logger.py[line:37] - DEBUG - root : evaluate in pid 16820 time 1610356772.9542267 
2021-01-11 17:19:33,609 logger.py[line:37] - DEBUG - root : 16820 used 0.5864250659942627s to calculate the factor
2021-01-11 17:19:33,775 logger.py[line:37] - DEBUG - root : 14244 used 1.5327579975128174s to evaluate the factor
2021-01-11 17:19:33,799 logger.py[line:37] - DEBUG - root : 16820 used 0.18952298164367676s to apply mad
2021-01-11 17:19:34,003 logger.py[line:37] - DEBUG - root : 16820 used 0.20363092422485352s to apply scale
2021-01-11 17:19:34,004 logger.py[line:37] - DEBUG - root : 16820 fail to stack barra and toRegFactor
2021-01-11 17:19:34,562 logger.py[line:37] - DEBUG - root : 16820 used 0.5582125186920166s to apply regression to the factor
2021-01-11 17:19:34,983 logger.py[line:37] - DEBUG - root : evaluate in pid 21844 time 1610356774.9822605 
2021-01-11 17:19:35,432 logger.py[line:37] - DEBUG - root : 21844 used 0.37808775901794434s to calculate the factor
2021-01-11 17:19:35,639 logger.py[line:37] - DEBUG - root : 21844 used 0.20733880996704102s to apply mad
2021-01-11 17:19:35,814 logger.py[line:37] - DEBUG - root : 21844 used 0.17488908767700195s to apply scale
2021-01-11 17:19:35,815 logger.py[line:37] - DEBUG - root : 21844 fail to stack barra and toRegFactor
2021-01-11 17:19:36,024 logger.py[line:37] - DEBUG - root : 16820 used 1.4615304470062256s to evaluate the factor
2021-01-11 17:19:36,349 logger.py[line:37] - DEBUG - root : 21844 used 0.5339818000793457s to apply regression to the factor
2021-01-11 17:19:37,658 logger.py[line:37] - DEBUG - root : 21844 used 1.3074984550476074s to evaluate the factor
2021-01-11 17:19:37,745 onePeriodMulti.py[line:95] - INFO - root : evaluate for 0th Generation new individual......done  28.806973695755005
2021-01-11 17:19:37,746 onePeriodMulti.py[line:102] - INFO - root : The 0 th record:{'avg': 0.0025363740726884257, 'std': 0.0, 'min': 0.0025363740726884257, 'max': 0.0025363740726884257}
2021-01-11 17:19:37,748 onePeriodMulti.py[line:85] - INFO - root : start evaluate for 1th Generation new 11 individuals......
2021-01-11 17:19:40,031 logger.py[line:37] - DEBUG - root : evaluate in pid 37952 time 1610356780.0302913 
2021-01-11 17:19:40,417 logger.py[line:37] - DEBUG - root : 37952 used 0.31357526779174805s to calculate the factor
2021-01-11 17:19:40,646 logger.py[line:37] - DEBUG - root : 37952 used 0.2286977767944336s to apply mad
2021-01-11 17:19:40,863 logger.py[line:37] - DEBUG - root : 37952 used 0.21681475639343262s to apply scale
2021-01-11 17:19:40,863 logger.py[line:37] - DEBUG - root : 37952 fail to stack barra and toRegFactor
2021-01-11 17:19:41,432 logger.py[line:37] - DEBUG - root : 37952 used 0.5692107677459717s to apply regression to the factor
2021-01-11 17:19:41,972 logger.py[line:37] - DEBUG - root : evaluate in pid 38492 time 1610356781.972321 
2021-01-11 17:19:42,480 logger.py[line:37] - DEBUG - root : 38492 used 0.4319617748260498s to calculate the factor
2021-01-11 17:19:42,706 logger.py[line:37] - DEBUG - root : 38492 used 0.22661876678466797s to apply mad
2021-01-11 17:19:42,913 logger.py[line:37] - DEBUG - root : 38492 used 0.20655608177185059s to apply scale
2021-01-11 17:19:42,913 logger.py[line:37] - DEBUG - root : 38492 fail to stack barra and toRegFactor
2021-01-11 17:19:42,921 logger.py[line:37] - DEBUG - root : 37952 used 1.4889271259307861s to evaluate the factor
2021-01-11 17:19:43,418 logger.py[line:37] - DEBUG - root : 38492 used 0.5047574043273926s to apply regression to the factor
2021-01-11 17:19:43,997 logger.py[line:37] - DEBUG - root : evaluate in pid 33840 time 1610356783.9975777 
2021-01-11 17:19:44,520 logger.py[line:37] - DEBUG - root : 33840 used 0.4473700523376465s to calculate the factor
2021-01-11 17:19:44,741 logger.py[line:37] - DEBUG - root : 33840 used 0.22117233276367188s to apply mad
2021-01-11 17:19:44,908 logger.py[line:37] - DEBUG - root : 38492 used 1.489570140838623s to evaluate the factor
2021-01-11 17:19:44,943 logger.py[line:37] - DEBUG - root : 33840 used 0.2016606330871582s to apply scale
2021-01-11 17:19:44,943 logger.py[line:37] - DEBUG - root : 33840 fail to stack barra and toRegFactor
2021-01-11 17:19:45,476 logger.py[line:37] - DEBUG - root : 33840 used 0.5324611663818359s to apply regression to the factor
2021-01-11 17:19:46,053 logger.py[line:37] - DEBUG - root : evaluate in pid 4124 time 1610356786.0539732 
2021-01-11 17:19:46,608 logger.py[line:37] - DEBUG - root : 4124 used 0.4710071086883545s to calculate the factor
2021-01-11 17:19:46,843 logger.py[line:37] - DEBUG - root : 4124 used 0.23586297035217285s to apply mad
2021-01-11 17:19:47,007 logger.py[line:37] - DEBUG - root : 33840 used 1.5300030708312988s to evaluate the factor
2021-01-11 17:19:47,053 logger.py[line:37] - DEBUG - root : 4124 used 0.20998525619506836s to apply scale
2021-01-11 17:19:47,053 logger.py[line:37] - DEBUG - root : 4124 fail to stack barra and toRegFactor
2021-01-11 17:19:47,597 logger.py[line:37] - DEBUG - root : 4124 used 0.5441296100616455s to apply regression to the factor
2021-01-11 17:19:48,135 logger.py[line:37] - DEBUG - root : evaluate in pid 40516 time 1610356788.1352708 
2021-01-11 17:19:48,648 logger.py[line:37] - DEBUG - root : 40516 used 0.44345521926879883s to calculate the factor
2021-01-11 17:19:48,873 logger.py[line:37] - DEBUG - root : 40516 used 0.22388410568237305s to apply mad
2021-01-11 17:19:49,083 logger.py[line:37] - DEBUG - root : 40516 used 0.2101726531982422s to apply scale
2021-01-11 17:19:49,083 logger.py[line:37] - DEBUG - root : 40516 fail to stack barra and toRegFactor
2021-01-11 17:19:49,099 logger.py[line:37] - DEBUG - root : 4124 used 1.5019052028656006s to evaluate the factor
2021-01-11 17:19:49,683 logger.py[line:37] - DEBUG - root : 40516 used 0.6006419658660889s to apply regression to the factor
2021-01-11 17:19:50,249 logger.py[line:37] - DEBUG - root : evaluate in pid 23092 time 1610356790.249608 
2021-01-11 17:19:50,820 logger.py[line:37] - DEBUG - root : 23092 used 0.46958017349243164s to calculate the factor
2021-01-11 17:19:51,078 logger.py[line:37] - DEBUG - root : 23092 used 0.2582390308380127s to apply mad
2021-01-11 17:19:51,270 logger.py[line:37] - DEBUG - root : 40516 used 1.5866329669952393s to evaluate the factor
2021-01-11 17:19:51,303 logger.py[line:37] - DEBUG - root : 23092 used 0.22512507438659668s to apply scale
2021-01-11 17:19:51,303 logger.py[line:37] - DEBUG - root : 23092 fail to stack barra and toRegFactor
2021-01-11 17:19:51,824 logger.py[line:37] - DEBUG - root : 23092 used 0.5210332870483398s to apply regression to the factor
2021-01-11 17:19:52,473 logger.py[line:37] - DEBUG - root : evaluate in pid 37952 time 1610356792.4736392 
2021-01-11 17:19:53,055 logger.py[line:37] - DEBUG - root : 37952 used 0.49991703033447266s to calculate the factor
2021-01-11 17:19:53,306 logger.py[line:37] - DEBUG - root : 37952 used 0.2510099411010742s to apply mad
2021-01-11 17:19:53,416 logger.py[line:37] - DEBUG - root : 23092 used 1.5923619270324707s to evaluate the factor
2021-01-11 17:19:53,522 logger.py[line:37] - DEBUG - root : 37952 used 0.21523022651672363s to apply scale
2021-01-11 17:19:53,522 logger.py[line:37] - DEBUG - root : 37952 fail to stack barra and toRegFactor
2021-01-11 17:19:54,085 logger.py[line:37] - DEBUG - root : 37952 used 0.5632631778717041s to apply regression to the factor
2021-01-11 17:19:54,735 logger.py[line:37] - DEBUG - root : evaluate in pid 38492 time 1610356794.735315 
2021-01-11 17:19:55,307 logger.py[line:37] - DEBUG - root : 38492 used 0.48168325424194336s to calculate the factor
2021-01-11 17:19:55,553 logger.py[line:37] - DEBUG - root : 38492 used 0.2461996078491211s to apply mad
2021-01-11 17:19:55,633 logger.py[line:37] - DEBUG - root : 37952 used 1.5475294589996338s to evaluate the factor
2021-01-11 17:19:55,802 logger.py[line:37] - DEBUG - root : 38492 used 0.24798583984375s to apply scale
2021-01-11 17:19:55,802 logger.py[line:37] - DEBUG - root : 38492 fail to stack barra and toRegFactor
2021-01-11 17:19:56,485 logger.py[line:37] - DEBUG - root : 38492 used 0.6833739280700684s to apply regression to the factor
2021-01-11 17:19:57,050 logger.py[line:37] - DEBUG - root : evaluate in pid 33840 time 1610356797.0504293 
2021-01-11 17:19:57,641 logger.py[line:37] - DEBUG - root : 33840 used 0.512840986251831s to calculate the factor
2021-01-11 17:19:57,890 logger.py[line:37] - DEBUG - root : 33840 used 0.24945688247680664s to apply mad
2021-01-11 17:19:58,095 logger.py[line:37] - DEBUG - root : 38492 used 1.6097266674041748s to evaluate the factor
2021-01-11 17:19:58,103 logger.py[line:37] - DEBUG - root : 33840 used 0.21155071258544922s to apply scale
2021-01-11 17:19:58,104 logger.py[line:37] - DEBUG - root : 33840 fail to stack barra and toRegFactor
2021-01-11 17:19:58,583 logger.py[line:37] - DEBUG - root : 33840 used 0.47908973693847656s to apply regression to the factor
2021-01-11 17:19:59,265 logger.py[line:37] - DEBUG - root : evaluate in pid 4124 time 1610356799.265632 
2021-01-11 17:19:59,751 logger.py[line:37] - DEBUG - root : 4124 used 0.39565110206604004s to calculate the factor
2021-01-11 17:19:59,996 logger.py[line:37] - DEBUG - root : 4124 used 0.24517822265625s to apply mad
2021-01-11 17:20:00,056 logger.py[line:37] - DEBUG - root : 33840 used 1.4733753204345703s to evaluate the factor
2021-01-11 17:20:00,244 logger.py[line:37] - DEBUG - root : 4124 used 0.24774169921875s to apply scale
2021-01-11 17:20:00,244 logger.py[line:37] - DEBUG - root : 4124 fail to stack barra and toRegFactor
2021-01-11 17:20:00,925 logger.py[line:37] - DEBUG - root : 4124 used 0.6815459728240967s to apply regression to the factor
2021-01-11 17:20:01,460 logger.py[line:37] - DEBUG - root : evaluate in pid 40516 time 1610356801.4605696 
2021-01-11 17:20:01,900 logger.py[line:37] - DEBUG - root : 40516 used 0.37578606605529785s to calculate the factor
2021-01-11 17:20:02,088 logger.py[line:37] - DEBUG - root : 40516 used 0.18787503242492676s to apply mad
2021-01-11 17:20:02,259 logger.py[line:37] - DEBUG - root : 40516 used 0.16999149322509766s to apply scale
2021-01-11 17:20:02,259 logger.py[line:37] - DEBUG - root : 40516 fail to stack barra and toRegFactor
2021-01-11 17:20:02,410 logger.py[line:37] - DEBUG - root : 4124 used 1.4848551750183105s to evaluate the factor
2021-01-11 17:20:02,705 logger.py[line:37] - DEBUG - root : 40516 used 0.4461355209350586s to apply regression to the factor
2021-01-11 17:20:03,961 logger.py[line:37] - DEBUG - root : 40516 used 1.2553958892822266s to evaluate the factor
2021-01-11 17:20:04,040 onePeriodMulti.py[line:95] - INFO - root : evaluate for 1th Generation new individual......done  26.29166316986084
2021-01-11 17:20:04,041 onePeriodMulti.py[line:102] - INFO - root : The 1 th record:{'avg': 0.0029272986959565737, 'std': 0.0011727738698044437, 'min': 0.0025363740726884257, 'max': 0.006445620305369905}
2021-01-11 17:20:04,042 onePeriodMulti.py[line:85] - INFO - root : start evaluate for 2th Generation new 8 individuals......
2021-01-11 17:20:06,342 logger.py[line:37] - DEBUG - root : evaluate in pid 20564 time 1610356806.3424468 
2021-01-11 17:20:06,736 logger.py[line:37] - DEBUG - root : 20564 used 0.31554627418518066s to calculate the factor
2021-01-11 17:20:06,964 logger.py[line:37] - DEBUG - root : 20564 used 0.2286534309387207s to apply mad
2021-01-11 17:20:07,176 logger.py[line:37] - DEBUG - root : 20564 used 0.21174836158752441s to apply scale
2021-01-11 17:20:07,177 logger.py[line:37] - DEBUG - root : 20564 fail to stack barra and toRegFactor
2021-01-11 17:20:07,691 logger.py[line:37] - DEBUG - root : 20564 used 0.5136468410491943s to apply regression to the factor
2021-01-11 17:20:08,260 logger.py[line:37] - DEBUG - root : evaluate in pid 8436 time 1610356808.260332 
2021-01-11 17:20:08,797 logger.py[line:37] - DEBUG - root : 8436 used 0.4583308696746826s to calculate the factor
2021-01-11 17:20:09,026 logger.py[line:37] - DEBUG - root : 8436 used 0.22948646545410156s to apply mad
2021-01-11 17:20:09,239 logger.py[line:37] - DEBUG - root : 20564 used 1.5486836433410645s to evaluate the factor
2021-01-11 17:20:09,245 logger.py[line:37] - DEBUG - root : 8436 used 0.21942853927612305s to apply scale
2021-01-11 17:20:09,245 logger.py[line:37] - DEBUG - root : 8436 fail to stack barra and toRegFactor
2021-01-11 17:20:09,876 logger.py[line:37] - DEBUG - root : 8436 used 0.6304881572723389s to apply regression to the factor
2021-01-11 17:20:10,336 logger.py[line:37] - DEBUG - root : evaluate in pid 33564 time 1610356810.3361073 
2021-01-11 17:20:10,832 logger.py[line:37] - DEBUG - root : 33564 used 0.4104006290435791s to calculate the factor
2021-01-11 17:20:11,082 logger.py[line:37] - DEBUG - root : 33564 used 0.249664306640625s to apply mad
2021-01-11 17:20:11,327 logger.py[line:37] - DEBUG - root : 33564 used 0.24386167526245117s to apply scale
2021-01-11 17:20:11,327 logger.py[line:37] - DEBUG - root : 33564 fail to stack barra and toRegFactor
2021-01-11 17:20:11,470 logger.py[line:37] - DEBUG - root : 8436 used 1.5931165218353271s to evaluate the factor
2021-01-11 17:20:11,930 logger.py[line:37] - DEBUG - root : 33564 used 0.6037976741790771s to apply regression to the factor
2021-01-11 17:20:12,596 logger.py[line:37] - DEBUG - root : evaluate in pid 16380 time 1610356812.5963497 
2021-01-11 17:20:13,142 logger.py[line:37] - DEBUG - root : 16380 used 0.4732851982116699s to calculate the factor
2021-01-11 17:20:13,379 logger.py[line:37] - DEBUG - root : 16380 used 0.23591947555541992s to apply mad
2021-01-11 17:20:13,521 logger.py[line:37] - DEBUG - root : 33564 used 1.5907118320465088s to evaluate the factor
2021-01-11 17:20:13,599 logger.py[line:37] - DEBUG - root : 16380 used 0.22007322311401367s to apply scale
2021-01-11 17:20:13,599 logger.py[line:37] - DEBUG - root : 16380 fail to stack barra and toRegFactor
2021-01-11 17:20:14,115 logger.py[line:37] - DEBUG - root : 16380 used 0.515648603439331s to apply regression to the factor
2021-01-11 17:20:14,784 logger.py[line:37] - DEBUG - root : evaluate in pid 8732 time 1610356814.7849677 
2021-01-11 17:20:15,336 logger.py[line:37] - DEBUG - root : 8732 used 0.46740174293518066s to calculate the factor
2021-01-11 17:20:15,576 logger.py[line:37] - DEBUG - root : 8732 used 0.23871421813964844s to apply mad
2021-01-11 17:20:15,706 logger.py[line:37] - DEBUG - root : 16380 used 1.591386318206787s to evaluate the factor
2021-01-11 17:20:15,800 logger.py[line:37] - DEBUG - root : 8732 used 0.22259020805358887s to apply scale
2021-01-11 17:20:15,800 logger.py[line:37] - DEBUG - root : 8732 fail to stack barra and toRegFactor
2021-01-11 17:20:16,426 logger.py[line:37] - DEBUG - root : 8732 used 0.6259136199951172s to apply regression to the factor
2021-01-11 17:20:17,053 logger.py[line:37] - DEBUG - root : evaluate in pid 19548 time 1610356817.0535293 
2021-01-11 17:20:17,592 logger.py[line:37] - DEBUG - root : 19548 used 0.45909738540649414s to calculate the factor
2021-01-11 17:20:17,821 logger.py[line:37] - DEBUG - root : 19548 used 0.2282850742340088s to apply mad
2021-01-11 17:20:17,991 logger.py[line:37] - DEBUG - root : 8732 used 1.5649070739746094s to evaluate the factor
2021-01-11 17:20:18,023 logger.py[line:37] - DEBUG - root : 19548 used 0.20113706588745117s to apply scale
2021-01-11 17:20:18,023 logger.py[line:37] - DEBUG - root : 19548 fail to stack barra and toRegFactor
2021-01-11 17:20:18,557 logger.py[line:37] - DEBUG - root : 19548 used 0.5341658592224121s to apply regression to the factor
2021-01-11 17:20:19,132 logger.py[line:37] - DEBUG - root : evaluate in pid 20564 time 1610356819.132969 
2021-01-11 17:20:19,695 logger.py[line:37] - DEBUG - root : 20564 used 0.4753594398498535s to calculate the factor
2021-01-11 17:20:19,943 logger.py[line:37] - DEBUG - root : 20564 used 0.24764084815979004s to apply mad
2021-01-11 17:20:20,075 logger.py[line:37] - DEBUG - root : 19548 used 1.5184147357940674s to evaluate the factor
2021-01-11 17:20:20,161 logger.py[line:37] - DEBUG - root : 20564 used 0.21866512298583984s to apply scale
2021-01-11 17:20:20,161 logger.py[line:37] - DEBUG - root : 20564 fail to stack barra and toRegFactor
2021-01-11 17:20:20,695 logger.py[line:37] - DEBUG - root : 20564 used 0.533621072769165s to apply regression to the factor
2021-01-11 17:20:21,300 logger.py[line:37] - DEBUG - root : evaluate in pid 8436 time 1610356821.3005528 
2021-01-11 17:20:21,736 logger.py[line:37] - DEBUG - root : 8436 used 0.3744034767150879s to calculate the factor
2021-01-11 17:20:21,917 logger.py[line:37] - DEBUG - root : 8436 used 0.17960143089294434s to apply mad
2021-01-11 17:20:22,102 logger.py[line:37] - DEBUG - root : 8436 used 0.18462872505187988s to apply scale
2021-01-11 17:20:22,102 logger.py[line:37] - DEBUG - root : 8436 fail to stack barra and toRegFactor
2021-01-11 17:20:22,187 logger.py[line:37] - DEBUG - root : 20564 used 1.4909515380859375s to evaluate the factor
2021-01-11 17:20:22,569 logger.py[line:37] - DEBUG - root : 8436 used 0.4673283100128174s to apply regression to the factor
2021-01-11 17:20:23,819 logger.py[line:37] - DEBUG - root : 8436 used 1.2490298748016357s to evaluate the factor
2021-01-11 17:20:23,894 onePeriodMulti.py[line:95] - INFO - root : evaluate for 2th Generation new individual......done  19.851945400238037
2021-01-11 17:20:23,896 onePeriodMulti.py[line:102] - INFO - root : The 2 th record:{'avg': 0.006445620305369905, 'std': 0.0, 'min': 0.006445620305369905, 'max': 0.006445620305369905}
