2021-01-09 00:10:26,907 logger.py[line:40] - INFO - root : materialData:{} is now in global
2021-01-09 00:11:36,545 logger.py[line:40] - INFO - root : materialData:{} is now in global
2021-01-09 00:11:39,602 logger.py[line:40] - INFO - root : close is now in globalVars.materialData
2021-01-09 00:11:42,673 logger.py[line:40] - INFO - root : high is now in globalVars.materialData
2021-01-09 00:11:45,711 logger.py[line:40] - INFO - root : low is now in globalVars.materialData
2021-01-09 00:11:48,777 logger.py[line:40] - INFO - root : open is now in globalVars.materialData
2021-01-09 00:11:51,854 logger.py[line:40] - INFO - root : preclose is now in globalVars.materialData
2021-01-09 00:11:55,035 logger.py[line:40] - INFO - root : amount is now in globalVars.materialData
2021-01-09 00:11:58,239 logger.py[line:40] - INFO - root : volume is now in globalVars.materialData
2021-01-09 00:12:01,397 logger.py[line:40] - INFO - root : pctChange is now in globalVars.materialData
2021-01-09 00:12:04,460 logger.py[line:40] - INFO - root : raw_close is now in globalVars.materialData
2021-01-09 00:12:07,658 logger.py[line:40] - INFO - root : raw_high is now in globalVars.materialData
2021-01-09 00:12:10,713 logger.py[line:40] - INFO - root : raw_low is now in globalVars.materialData
2021-01-09 00:12:13,768 logger.py[line:40] - INFO - root : raw_open is now in globalVars.materialData
2021-01-09 00:12:16,735 logger.py[line:40] - INFO - root : buy_limit is now in globalVars.materialData
2021-01-09 00:12:19,698 logger.py[line:40] - INFO - root : sell_limit is now in globalVars.materialData
2021-01-09 00:12:22,725 logger.py[line:40] - INFO - root : is_trading is now in globalVars.materialData
2021-01-09 00:12:27,205 logger.py[line:40] - INFO - root : market_cap is now in globalVars.materialData
2021-01-09 00:12:31,690 logger.py[line:40] - INFO - root : circulating_market_cap is now in globalVars.materialData
2021-01-09 00:12:36,354 logger.py[line:40] - INFO - root : free_circulating_market_cap is now in globalVars.materialData
2021-01-09 00:26:58,348 logger.py[line:40] - INFO - root : materialData:{} is now in global
2021-01-09 00:26:59,772 logger.py[line:40] - INFO - root : close is now in globalVars.materialData
2021-01-09 00:27:01,189 logger.py[line:40] - INFO - root : high is now in globalVars.materialData
2021-01-09 00:27:02,602 logger.py[line:40] - INFO - root : low is now in globalVars.materialData
2021-01-09 00:27:04,048 logger.py[line:40] - INFO - root : open is now in globalVars.materialData
2021-01-09 00:27:05,452 logger.py[line:40] - INFO - root : preclose is now in globalVars.materialData
2021-01-09 00:27:07,003 logger.py[line:40] - INFO - root : amount is now in globalVars.materialData
2021-01-09 00:27:08,523 logger.py[line:40] - INFO - root : volume is now in globalVars.materialData
2021-01-09 00:27:10,047 logger.py[line:40] - INFO - root : pctChange is now in globalVars.materialData
2021-01-09 00:27:11,465 logger.py[line:40] - INFO - root : raw_close is now in globalVars.materialData
2021-01-09 00:27:12,895 logger.py[line:40] - INFO - root : raw_high is now in globalVars.materialData
2021-01-09 00:27:14,306 logger.py[line:40] - INFO - root : raw_low is now in globalVars.materialData
2021-01-09 00:27:15,708 logger.py[line:40] - INFO - root : raw_open is now in globalVars.materialData
2021-01-09 00:27:17,031 logger.py[line:40] - INFO - root : buy_limit is now in globalVars.materialData
2021-01-09 00:27:18,355 logger.py[line:40] - INFO - root : sell_limit is now in globalVars.materialData
2021-01-09 00:27:19,740 logger.py[line:40] - INFO - root : is_trading is now in globalVars.materialData
2021-01-09 00:27:21,970 logger.py[line:40] - INFO - root : market_cap is now in globalVars.materialData
2021-01-09 00:27:24,201 logger.py[line:40] - INFO - root : circulating_market_cap is now in globalVars.materialData
2021-01-09 00:27:26,727 logger.py[line:40] - INFO - root : free_circulating_market_cap is now in globalVars.materialData
2021-01-09 00:37:41,200 logger.py[line:40] - INFO - root : materialData:{} is now in global
2021-01-09 00:37:44,280 logger.py[line:40] - INFO - root : close is now in globalVars.materialData
2021-01-09 00:37:47,357 logger.py[line:40] - INFO - root : high is now in globalVars.materialData
2021-01-09 00:37:50,421 logger.py[line:40] - INFO - root : low is now in globalVars.materialData
2021-01-09 00:37:53,513 logger.py[line:40] - INFO - root : open is now in globalVars.materialData
2021-01-09 00:37:56,572 logger.py[line:40] - INFO - root : preclose is now in globalVars.materialData
2021-01-09 00:37:59,783 logger.py[line:40] - INFO - root : amount is now in globalVars.materialData
2021-01-09 00:38:03,023 logger.py[line:40] - INFO - root : volume is now in globalVars.materialData
2021-01-09 00:38:06,185 logger.py[line:40] - INFO - root : pctChange is now in globalVars.materialData
2021-01-09 00:38:09,159 logger.py[line:40] - INFO - root : buy_limit is now in globalVars.materialData
2021-01-09 00:38:12,139 logger.py[line:40] - INFO - root : sell_limit is now in globalVars.materialData
2021-01-09 00:38:15,201 logger.py[line:40] - INFO - root : is_trading is now in globalVars.materialData
2021-01-09 00:38:19,680 logger.py[line:40] - INFO - root : market_cap is now in globalVars.materialData
2021-01-09 00:38:24,191 logger.py[line:40] - INFO - root : circulating_market_cap is now in globalVars.materialData
2021-01-09 00:38:28,898 logger.py[line:40] - INFO - root : free_circulating_market_cap is now in globalVars.materialData
2021-01-09 00:39:13,115 logger.py[line:40] - INFO - root : materialData:{} is now in global
2021-01-09 00:39:16,201 logger.py[line:40] - INFO - root : close is now in globalVars.materialData
2021-01-09 00:39:19,262 logger.py[line:40] - INFO - root : high is now in globalVars.materialData
2021-01-09 00:39:22,317 logger.py[line:40] - INFO - root : low is now in globalVars.materialData
2021-01-09 00:39:25,371 logger.py[line:40] - INFO - root : open is now in globalVars.materialData
2021-01-09 00:39:28,435 logger.py[line:40] - INFO - root : preclose is now in globalVars.materialData
2021-01-09 00:39:31,678 logger.py[line:40] - INFO - root : amount is now in globalVars.materialData
2021-01-09 00:39:34,869 logger.py[line:40] - INFO - root : volume is now in globalVars.materialData
2021-01-09 00:39:38,043 logger.py[line:40] - INFO - root : pctChange is now in globalVars.materialData
2021-01-09 00:39:41,063 logger.py[line:40] - INFO - root : buy_limit is now in globalVars.materialData
2021-01-09 00:39:44,051 logger.py[line:40] - INFO - root : sell_limit is now in globalVars.materialData
2021-01-09 00:39:47,160 logger.py[line:40] - INFO - root : is_trading is now in globalVars.materialData
2021-01-09 00:39:51,753 logger.py[line:40] - INFO - root : market_cap is now in globalVars.materialData
2021-01-09 00:39:56,247 logger.py[line:40] - INFO - root : circulating_market_cap is now in globalVars.materialData
2021-01-09 00:40:00,950 logger.py[line:40] - INFO - root : free_circulating_market_cap is now in globalVars.materialData
2021-01-09 18:52:15,501 logger.py[line:40] - INFO - root : materialData:{} is now in global
2021-01-09 18:52:16,964 logger.py[line:40] - INFO - root : close is now in globalVars.materialData
2021-01-09 18:52:18,429 logger.py[line:40] - INFO - root : high is now in globalVars.materialData
2021-01-09 18:52:19,888 logger.py[line:40] - INFO - root : low is now in globalVars.materialData
2021-01-09 18:57:05,647 logger.py[line:40] - INFO - root : materialData:{} is now in global
2021-01-09 18:57:07,085 logger.py[line:40] - INFO - root : close is now in globalVars.materialData
2021-01-09 18:57:08,509 logger.py[line:40] - INFO - root : high is now in globalVars.materialData
2021-01-09 18:57:17,639 logger.py[line:40] - INFO - root : materialData:{} is now in global
2021-01-09 18:57:28,898 logger.py[line:40] - INFO - root : materialData:{} is now in global
2021-01-09 18:57:30,316 logger.py[line:40] - INFO - root : close is now in globalVars.materialData
2021-01-09 18:57:31,733 logger.py[line:40] - INFO - root : high is now in globalVars.materialData
2021-01-09 18:57:33,141 logger.py[line:40] - INFO - root : low is now in globalVars.materialData
2021-01-09 18:57:34,602 logger.py[line:40] - INFO - root : open is now in globalVars.materialData
2021-01-09 18:57:36,037 logger.py[line:40] - INFO - root : preclose is now in globalVars.materialData
2021-01-09 18:57:37,593 logger.py[line:40] - INFO - root : amount is now in globalVars.materialData
2021-01-09 18:57:39,133 logger.py[line:40] - INFO - root : volume is now in globalVars.materialData
2021-01-09 18:57:40,685 logger.py[line:40] - INFO - root : pctChange is now in globalVars.materialData
2021-01-09 18:57:42,089 logger.py[line:40] - INFO - root : is_trading is now in globalVars.materialData
2021-01-09 18:57:44,335 logger.py[line:40] - INFO - root : market_cap is now in globalVars.materialData
2021-01-09 18:57:46,592 logger.py[line:40] - INFO - root : circulating_market_cap is now in globalVars.materialData
2021-01-09 18:57:49,038 logger.py[line:40] - INFO - root : free_circulating_market_cap is now in globalVars.materialData
2021-01-09 21:33:41,690 logger.py[line:40] - INFO - root : materialData:{} is now in global
2021-01-09 21:33:44,793 logger.py[line:40] - INFO - root : close is now in globalVars.materialData
2021-01-09 21:33:47,897 logger.py[line:40] - INFO - root : high is now in globalVars.materialData
2021-01-09 21:33:51,003 logger.py[line:40] - INFO - root : low is now in globalVars.materialData
2021-01-09 21:33:54,113 logger.py[line:40] - INFO - root : open is now in globalVars.materialData
2021-01-09 21:33:57,396 logger.py[line:40] - INFO - root : amount is now in globalVars.materialData
2021-01-09 21:34:00,613 logger.py[line:40] - INFO - root : volume is now in globalVars.materialData
2021-01-09 21:34:03,852 logger.py[line:40] - INFO - root : pctChange is now in globalVars.materialData
2021-01-09 21:34:06,921 logger.py[line:40] - INFO - root : is_trading is now in globalVars.materialData
2021-01-09 21:34:11,461 logger.py[line:40] - INFO - root : market_cap is now in globalVars.materialData
2021-01-09 21:34:15,993 logger.py[line:40] - INFO - root : circulating_market_cap is now in globalVars.materialData
2021-01-09 21:34:20,706 logger.py[line:40] - INFO - root : free_circulating_market_cap is now in globalVars.materialData
2021-01-09 21:36:09,557 logger.py[line:40] - INFO - root : materialData:{} is now in global
2021-01-09 21:36:12,631 logger.py[line:40] - INFO - root : close is now in globalVars.materialData
2021-01-09 21:36:15,705 logger.py[line:40] - INFO - root : high is now in globalVars.materialData
2021-01-09 21:36:18,773 logger.py[line:40] - INFO - root : low is now in globalVars.materialData
2021-01-09 21:36:21,880 logger.py[line:40] - INFO - root : open is now in globalVars.materialData
2021-01-09 21:36:25,091 logger.py[line:40] - INFO - root : amount is now in globalVars.materialData
2021-01-09 21:36:28,273 logger.py[line:40] - INFO - root : volume is now in globalVars.materialData
2021-01-09 21:36:31,433 logger.py[line:40] - INFO - root : pctChange is now in globalVars.materialData
2021-01-09 21:36:34,469 logger.py[line:40] - INFO - root : is_trading is now in globalVars.materialData
2021-01-09 21:36:38,954 logger.py[line:40] - INFO - root : market_cap is now in globalVars.materialData
2021-01-09 21:36:43,449 logger.py[line:40] - INFO - root : circulating_market_cap is now in globalVars.materialData
2021-01-09 21:36:48,120 logger.py[line:40] - INFO - root : free_circulating_market_cap is now in globalVars.materialData
2021-01-09 21:51:14,822 logger.py[line:40] - INFO - root : materialData:{} is now in global
2021-01-09 21:51:16,274 logger.py[line:40] - INFO - root : close is now in globalVars.materialData
2021-01-09 21:51:17,703 logger.py[line:40] - INFO - root : high is now in globalVars.materialData
2021-01-09 21:51:19,135 logger.py[line:40] - INFO - root : low is now in globalVars.materialData
2021-01-09 21:51:20,593 logger.py[line:40] - INFO - root : open is now in globalVars.materialData
2021-01-09 21:51:22,163 logger.py[line:40] - INFO - root : amount is now in globalVars.materialData
2021-01-09 21:51:23,706 logger.py[line:40] - INFO - root : volume is now in globalVars.materialData
2021-01-09 21:51:25,232 logger.py[line:40] - INFO - root : pctChange is now in globalVars.materialData
2021-01-09 21:51:26,647 logger.py[line:40] - INFO - root : is_trading is now in globalVars.materialData
2021-01-09 21:51:28,919 logger.py[line:40] - INFO - root : market_cap is now in globalVars.materialData
2021-01-09 21:51:31,168 logger.py[line:40] - INFO - root : circulating_market_cap is now in globalVars.materialData
2021-01-09 21:51:33,609 logger.py[line:40] - INFO - root : free_circulating_market_cap is now in globalVars.materialData
2021-01-09 22:07:48,868 logger.py[line:40] - INFO - root : materialData:{} is now in global
2021-01-09 22:07:51,960 logger.py[line:40] - INFO - root : close is now in globalVars.materialData
2021-01-09 22:07:55,061 logger.py[line:40] - INFO - root : high is now in globalVars.materialData
2021-01-09 22:07:58,158 logger.py[line:40] - INFO - root : low is now in globalVars.materialData
2021-01-09 22:08:01,251 logger.py[line:40] - INFO - root : open is now in globalVars.materialData
2021-01-09 22:08:04,506 logger.py[line:40] - INFO - root : amount is now in globalVars.materialData
2021-01-09 22:08:07,704 logger.py[line:40] - INFO - root : volume is now in globalVars.materialData
2021-01-09 22:08:10,885 logger.py[line:40] - INFO - root : pctChange is now in globalVars.materialData
2021-01-09 22:08:13,960 logger.py[line:40] - INFO - root : is_trading is now in globalVars.materialData
2021-01-09 22:08:18,489 logger.py[line:40] - INFO - root : market_cap is now in globalVars.materialData
2021-01-09 22:08:23,016 logger.py[line:40] - INFO - root : circulating_market_cap is now in globalVars.materialData
2021-01-09 22:08:27,720 logger.py[line:40] - INFO - root : free_circulating_market_cap is now in globalVars.materialData
2021-01-09 22:09:14,670 logger.py[line:40] - INFO - root : materialData:{} is now in global
2021-01-09 22:09:17,773 logger.py[line:40] - INFO - root : close is now in globalVars.materialData
2021-01-09 22:09:20,870 logger.py[line:40] - INFO - root : high is now in globalVars.materialData
2021-01-09 22:09:23,972 logger.py[line:40] - INFO - root : low is now in globalVars.materialData
2021-01-09 22:09:27,105 logger.py[line:40] - INFO - root : open is now in globalVars.materialData
2021-01-09 22:09:30,335 logger.py[line:40] - INFO - root : amount is now in globalVars.materialData
2021-01-09 22:09:33,526 logger.py[line:40] - INFO - root : volume is now in globalVars.materialData
2021-01-09 22:09:36,704 logger.py[line:40] - INFO - root : pctChange is now in globalVars.materialData
2021-01-09 22:09:39,761 logger.py[line:40] - INFO - root : is_trading is now in globalVars.materialData
2021-01-09 22:09:44,281 logger.py[line:40] - INFO - root : market_cap is now in globalVars.materialData
2021-01-09 22:09:48,841 logger.py[line:40] - INFO - root : circulating_market_cap is now in globalVars.materialData
2021-01-09 22:09:53,544 logger.py[line:40] - INFO - root : free_circulating_market_cap is now in globalVars.materialData
2021-01-09 22:50:29,673 logger.py[line:40] - INFO - root : materialData:{} is now in global
2021-01-09 22:50:32,765 logger.py[line:40] - INFO - root : close is now in globalVars.materialData
2021-01-09 22:50:35,860 logger.py[line:40] - INFO - root : high is now in globalVars.materialData
2021-01-09 22:50:38,948 logger.py[line:40] - INFO - root : low is now in globalVars.materialData
2021-01-09 22:50:42,081 logger.py[line:40] - INFO - root : open is now in globalVars.materialData
2021-01-09 22:50:45,308 logger.py[line:40] - INFO - root : amount is now in globalVars.materialData
2021-01-09 22:50:48,517 logger.py[line:40] - INFO - root : volume is now in globalVars.materialData
2021-01-09 22:50:51,735 logger.py[line:40] - INFO - root : pctChange is now in globalVars.materialData
2021-01-09 22:50:54,793 logger.py[line:40] - INFO - root : is_trading is now in globalVars.materialData
2021-01-09 22:50:59,301 logger.py[line:40] - INFO - root : market_cap is now in globalVars.materialData
2021-01-09 22:51:03,815 logger.py[line:40] - INFO - root : circulating_market_cap is now in globalVars.materialData
2021-01-09 22:51:08,532 logger.py[line:40] - INFO - root : free_circulating_market_cap is now in globalVars.materialData
